[2017-08-14 12:41:06.332] [INFO] default - listening on *:3000
[2017-08-14 12:49:56.906] [INFO] default - listening on *:3000
[2017-08-14 12:53:50.445] [INFO] default - listening on *:3000
[2017-08-14 13:00:03.390] [INFO] default - listening on *:3000
[2017-08-14 18:01:40.352] [INFO] default - listening on *:3000
[2017-08-14 18:04:13.062] [INFO] default - listening on *:3000
[2017-08-14 18:20:52.684] [INFO] default - listening on *:3001
[2017-08-14 18:20:52.691] [INFO] default - listening on *:3000
[2017-08-14 18:22:17.219] [INFO] default - listening on *:3000
[2017-08-14 18:48:28.100] [INFO] default - listening on *:3000
[2017-08-14 18:48:32.190] [DEBUG] default - erquest to /
[2017-08-14 18:48:33.254] [DEBUG] default - erquest to /favicon.ico
[2017-08-14 18:50:46.194] [INFO] default - listening on *:3000
[2017-08-14 18:50:49.496] [DEBUG] default - erquest to /
[2017-08-14 18:50:50.056] [INFO] default - connect : 94さん
[2017-08-14 18:50:50.372] [DEBUG] default - erquest to /favicon.ico
[2017-08-14 19:03:02.977] [INFO] default - listening on *:3000
[2017-08-14 19:03:09.703] [DEBUG] default - erquest to /
[2017-08-14 19:03:10.507] [DEBUG] default - erquest to /favicon.ico
[2017-08-14 19:03:22.476] [DEBUG] default - erquest to /index.html
[2017-08-14 19:03:57.292] [INFO] default - listening on *:3000
[2017-08-14 19:03:59.328] [DEBUG] default - erquest to ./index.html
[2017-08-14 19:03:59.964] [INFO] default - connect : 44さん
[2017-08-14 19:10:28.666] [INFO] default - listening on *:3000
[2017-08-14 19:10:33.919] [DEBUG] default - erquest to ./
[2017-08-14 19:11:03.491] [INFO] default - listening on *:3000
[2017-08-14 19:11:03.503] [DEBUG] default - erquest to ./
[2017-08-14 19:11:04.034] [INFO] default - connect : 6さん
[2017-08-14 19:11:06.178] [DEBUG] default - erquest to ./
[2017-08-14 19:11:06.626] [INFO] default - connect : 8さん
[2017-08-14 19:11:42.922] [DEBUG] default - erquest to ./js/gagaga
[2017-08-14 19:11:50.698] [DEBUG] default - erquest to ./js/ddnty.js
[2017-08-14 19:12:53.056] [DEBUG] default - erquest to ./
[2017-08-14 19:12:53.579] [INFO] default - connect : 72さん
[2017-08-14 19:14:25.241] [DEBUG] default - erquest to ./
[2017-08-14 19:14:25.272] [DEBUG] default - erquest to ./js/ddnty.js
[2017-08-14 19:14:25.802] [INFO] default - connect : 4さん
[2017-08-14 19:16:35.499] [INFO] default - listening on *:3000
[2017-08-14 19:16:38.601] [INFO] default - erquest to ./
[2017-08-14 19:16:38.637] [INFO] default - erquest to ./js/ddnty.js
[2017-08-14 19:16:39.175] [INFO] default - connect : 57さん
[2017-08-14 19:25:25.284] [INFO] default - listening on *:3000
[2017-08-14 19:25:29.040] [INFO] default - erquest to ./
[2017-08-14 19:25:29.093] [INFO] default - erquest to ./js/ddnty.js
[2017-08-14 19:25:29.611] [INFO] default - connect : 25さん
[2017-08-14 19:25:35.309] [INFO] default - erquest to ./
[2017-08-14 19:25:35.332] [INFO] default - erquest to ./js/ddnty.js
[2017-08-14 19:25:35.761] [INFO] default - connect : 6さん
[2017-08-14 19:26:07.611] [INFO] default - erquest to ./
[2017-08-14 19:26:07.648] [INFO] default - erquest to ./js/ddnty.js
[2017-08-14 19:26:08.169] [INFO] default - connect : 24さん
[2017-08-14 19:36:43.131] [INFO] default - listening on *:3000
[2017-08-14 19:36:46.413] [INFO] default - erquest to ./
[2017-08-14 19:36:46.478] [INFO] default - erquest to ./js/ddnty.js
[2017-08-14 19:36:46.997] [INFO] default - connect : 74さん
[2017-08-14 19:39:38.237] [INFO] default - listening on *:3000
[2017-08-14 19:39:41.012] [INFO] default - erquest to ./
[2017-08-14 19:39:41.033] [INFO] default - erquest to ./js/ddnty.js
[2017-08-14 19:39:41.560] [INFO] default - connect : 43さん
[2017-08-14 19:39:56.985] [INFO] default - erquest to ./
[2017-08-14 19:39:57.031] [INFO] default - erquest to ./js/ddnty.js
[2017-08-14 19:39:57.541] [INFO] default - connect : 40さん
[2017-08-14 19:42:33.439] [INFO] default - erquest to ./
[2017-08-14 19:42:33.499] [INFO] default - erquest to ./js/ddnty.js
[2017-08-14 19:43:30.067] [INFO] default - erquest to ./
[2017-08-14 19:43:30.119] [INFO] default - erquest to ./js/ddnty.js
[2017-08-14 19:46:13.005] [INFO] default - listening on *:3000
[2017-08-14 19:46:16.101] [INFO] default - erquest to ./
[2017-08-14 19:46:16.138] [INFO] default - erquest to ./js/ddnty.js
[2017-08-14 19:46:16.701] [INFO] default - connect : 90さん
[2017-08-14 19:46:44.701] [INFO] default - erquest to ./
[2017-08-14 19:46:44.712] [INFO] default - erquest to ./js/ddnty.js
[2017-08-14 19:46:45.033] [INFO] default - connect : 83さん
[2017-08-14 19:48:33.219] [INFO] default - erquest to ./
[2017-08-14 19:48:33.270] [INFO] default - erquest to ./js/ddnty.js
[2017-08-14 19:48:33.773] [INFO] default - connect : 79さん
[2017-08-14 19:50:06.521] [INFO] default - erquest to ./
[2017-08-14 19:50:06.539] [INFO] default - erquest to ./js/ddnty.js
[2017-08-14 19:50:06.872] [INFO] default - connect : 4さん
[2017-08-14 19:51:15.921] [INFO] default - listening on *:3000
[2017-08-14 19:51:17.845] [INFO] default - erquest to ./
[2017-08-14 19:51:17.862] [INFO] default - erquest to ./js/ddnty.js
[2017-08-14 19:51:18.192] [INFO] default - connect : 79さん
[2017-08-14 19:51:20.426] [INFO] default - erquest to ./
[2017-08-14 19:51:20.457] [INFO] default - erquest to ./js/ddnty.js
[2017-08-14 19:51:20.992] [INFO] default - connect : 83さん
[2017-08-14 19:54:23.088] [INFO] default - erquest to ./
[2017-08-14 19:54:23.108] [INFO] default - erquest to ./js/ddnty.js
[2017-08-14 19:54:23.512] [INFO] default - connect : 30さん
[2017-08-14 19:54:27.968] [INFO] default - erquest to ./
[2017-08-14 19:54:28.001] [INFO] default - erquest to ./js/ddnty.js
[2017-08-14 19:54:28.413] [INFO] default - connect : 36さん
[2017-08-14 20:00:09.840] [INFO] default - listening on *:3000
[2017-08-14 20:00:13.032] [INFO] default - erquest to ./
[2017-08-14 20:00:13.068] [INFO] default - erquest to ./js/ddnty.js
[2017-08-14 20:00:13.601] [INFO] default - connect : 12さん
[2017-08-14 20:04:20.703] [INFO] default - erquest to ./
[2017-08-14 20:04:20.762] [INFO] default - erquest to ./js/ddnty.js
[2017-08-14 20:04:21.253] [INFO] default - connect : 18さん
[2017-08-14 20:06:34.448] [INFO] default - erquest to ./
[2017-08-14 20:06:34.507] [INFO] default - erquest to ./js/ddnty.js
[2017-08-14 20:06:35.059] [INFO] default - connect : 41さん
[2017-08-14 20:07:24.981] [INFO] default - erquest to ./
[2017-08-14 20:07:25.025] [INFO] default - erquest to ./js/ddnty.js
[2017-08-14 20:07:25.553] [INFO] default - connect : 25さん
[2017-08-14 20:08:06.240] [INFO] default - erquest to ./
[2017-08-14 20:08:06.277] [INFO] default - erquest to ./js/ddnty.js
[2017-08-14 20:08:06.830] [INFO] default - connect : 72さん
[2017-08-14 20:10:03.270] [INFO] default - erquest to ./
[2017-08-14 20:10:03.298] [INFO] default - erquest to ./js/ddnty.js
[2017-08-14 20:10:03.834] [INFO] default - connect : 10さん
[2017-08-14 20:10:23.937] [INFO] default - erquest to ./
[2017-08-14 20:10:23.956] [INFO] default - erquest to ./js/ddnty.js
[2017-08-14 20:10:24.317] [INFO] default - connect : 73さん
[2017-08-14 20:11:07.736] [INFO] default - erquest to ./
[2017-08-14 20:11:07.776] [INFO] default - erquest to ./js/ddnty.js
[2017-08-14 20:11:08.327] [INFO] default - connect : 26さん
[2017-08-14 20:11:10.678] [INFO] default - erquest to ./
[2017-08-14 20:11:10.703] [INFO] default - erquest to ./js/ddnty.js
[2017-08-14 20:11:10.967] [INFO] default - connect : 25さん
[2017-08-14 20:21:44.126] [INFO] default - erquest to ./
[2017-08-14 20:21:44.143] [INFO] default - erquest to ./js/ddnty.js
[2017-08-14 20:21:47.061] [INFO] default - erquest to ./
[2017-08-14 20:21:47.102] [INFO] default - erquest to ./js/ddnty.js
[2017-08-14 20:23:22.591] [INFO] default - listening on *:3000
[2017-08-14 20:23:25.281] [INFO] default - erquest to ./
[2017-08-14 20:23:25.328] [INFO] default - erquest to ./js/ddnty.js
[2017-08-14 20:23:45.738] [INFO] default - erquest to ./
[2017-08-14 20:23:45.764] [INFO] default - erquest to ./js/ddnty.js
[2017-08-14 20:24:31.051] [INFO] default - erquest to ./
[2017-08-14 20:24:31.067] [INFO] default - erquest to ./js/ddnty.js
[2017-08-14 20:26:36.748] [INFO] default - listening on *:3000
[2017-08-14 20:26:38.342] [INFO] default - erquest to ./
[2017-08-14 20:26:38.367] [INFO] default - erquest to ./js/ddnty.js
[2017-08-14 20:26:40.662] [INFO] default - erquest to ./
[2017-08-14 20:26:40.679] [INFO] default - erquest to ./js/ddnty.js
[2017-08-15 12:27:22.263] [INFO] default - listening on *:3000
[2017-08-15 12:27:25.239] [INFO] default - erquest to /
[2017-08-15 12:29:25.276] [INFO] default - erquest to /
[2017-08-15 12:30:04.286] [INFO] default - erquest to /
[2017-08-15 12:30:07.663] [INFO] default - erquest to /
[2017-08-15 12:31:15.865] [INFO] default - listening on *:3000
[2017-08-15 12:31:17.875] [INFO] default - erquest to /
[2017-08-15 12:31:17.878] [DEBUG] default - return top page
[2017-08-15 12:32:26.361] [INFO] default - listening on *:3000
[2017-08-15 12:32:26.474] [INFO] default - erquest to /
[2017-08-15 12:32:26.479] [DEBUG] default - return top page
[2017-08-15 12:32:26.644] [INFO] default - erquest to /js/www/ddntj.js
[2017-08-15 12:32:27.039] [INFO] default - erquest to /js/www/ddntj.js
[2017-08-15 12:32:28.628] [INFO] default - erquest to /
[2017-08-15 12:32:28.630] [DEBUG] default - return top page
[2017-08-15 12:32:28.670] [INFO] default - erquest to /js/www/ddntj.js
[2017-08-15 12:32:28.992] [INFO] default - erquest to /js/www/ddntj.js
[2017-08-15 12:32:48.966] [INFO] default - erquest to /
[2017-08-15 12:32:48.971] [DEBUG] default - return top page
[2017-08-15 12:32:49.003] [INFO] default - erquest to /js/ddntj.js
[2017-08-15 13:31:24.289] [INFO] default - erquest to /
[2017-08-15 13:31:24.291] [DEBUG] default - return top page
[2017-08-15 13:31:24.423] [INFO] default - erquest to /js/ddntj.js
[2017-08-15 13:31:24.427] [INFO] default - erquest to /js/lib/jquery-3.2.1.min.js
[2017-08-15 13:31:58.066] [INFO] default - erquest to /
[2017-08-15 13:31:58.068] [DEBUG] default - return top page
[2017-08-15 13:31:58.104] [INFO] default - erquest to /js/ddntj.js
[2017-08-15 13:31:58.146] [INFO] default - erquest to /js/lib/jquery-3.2.1.min.js
[2017-08-15 13:56:11.858] [INFO] default - erquest to /
[2017-08-15 13:56:11.866] [DEBUG] default - return top page
[2017-08-15 13:56:12.009] [INFO] default - erquest to /css/jquery-ui.css
[2017-08-15 13:56:12.036] [INFO] default - erquest to /js/ddntj.js
[2017-08-15 13:58:12.529] [INFO] default - erquest to /
[2017-08-15 13:58:12.543] [DEBUG] default - return top page
[2017-08-15 13:58:12.636] [INFO] default - erquest to /css/jquery-ui.css
[2017-08-15 13:58:12.640] [INFO] default - erquest to /js/ddntj.js
[2017-08-15 13:59:23.047] [INFO] default - erquest to /
[2017-08-15 13:59:23.051] [DEBUG] default - return top page
[2017-08-15 13:59:23.090] [INFO] default - erquest to /css/jquery-ui.css
[2017-08-15 13:59:23.092] [INFO] default - erquest to /js/ddntj.js
[2017-08-15 14:00:10.780] [INFO] default - listening on *:3000
[2017-08-15 14:00:13.081] [INFO] default - erquest to /
[2017-08-15 14:00:13.085] [DEBUG] default - return top page
[2017-08-15 14:00:13.148] [INFO] default - erquest to /css/jquery-ui.css
[2017-08-15 14:00:13.166] [INFO] default - erquest to /js/ddntj.js
[2017-08-15 14:01:20.999] [INFO] default - erquest to /
[2017-08-15 14:01:21.001] [DEBUG] default - return top page
[2017-08-15 14:01:21.033] [INFO] default - erquest to /css/jquery-ui.css
[2017-08-15 14:01:21.043] [INFO] default - erquest to /js/ddntj.js
[2017-08-15 14:01:21.694] [INFO] default - connect : 87さん
[2017-08-15 14:01:58.667] [INFO] default - erquest to /
[2017-08-15 14:01:58.676] [DEBUG] default - return top page
[2017-08-15 14:01:58.705] [INFO] default - erquest to /css/jquery-ui.css
[2017-08-15 14:01:58.711] [INFO] default - erquest to /js/ddntj.js
[2017-08-15 14:01:59.378] [INFO] default - connect : 39さん
[2017-08-15 14:03:55.308] [INFO] default - listening on *:3000
[2017-08-15 14:03:58.571] [INFO] default - erquest to /
[2017-08-15 14:04:43.541] [INFO] default - listening on *:3000
[2017-08-15 14:04:45.872] [INFO] default - erquest to /
[2017-08-15 14:06:15.292] [INFO] default - listening on *:3000
[2017-08-15 14:06:17.747] [INFO] default - erquest to /
[2017-08-15 14:06:59.870] [INFO] default - listening on *:3000
[2017-08-15 14:07:02.151] [INFO] default - erquest to /
[2017-08-15 14:07:02.155] [DEBUG] default - return top page
[2017-08-15 14:08:21.962] [INFO] default - listening on *:3000
[2017-08-15 14:08:23.844] [INFO] default - erquest to /
[2017-08-15 14:08:23.848] [DEBUG] default - return top page
[2017-08-15 14:08:23.949] [INFO] default - erquest to /css/jquery-ui.css
[2017-08-15 14:08:23.953] [INFO] default - erquest to /js/ddntj.js
[2017-08-15 14:08:24.483] [INFO] default - erquest to /css/images/ui-bg_glass_100_f6f6f6_1x400.png
[2017-08-15 14:08:24.572] [INFO] default - connect : 31さん
[2017-08-15 14:08:33.821] [INFO] default - erquest to /css/images/ui-bg_glass_100_fdf5ce_1x400.png
[2017-08-15 14:08:34.010] [INFO] default - erquest to /css/images/ui-bg_glass_65_ffffff_1x400.png
[2017-08-15 14:11:34.524] [INFO] default - listening on *:3000
[2017-08-15 14:11:36.993] [INFO] default - erquest to /
[2017-08-15 14:11:36.996] [DEBUG] default - return top page
[2017-08-15 14:11:37.091] [INFO] default - erquest to /css/jquery-ui.css
[2017-08-15 14:11:37.107] [INFO] default - erquest to /js/ddntj.js
[2017-08-15 14:11:37.708] [INFO] default - erquest to /css/images/ui-bg_glass_100_f6f6f6_1x400.png
[2017-08-15 14:11:37.788] [INFO] default - connect : 5さん
[2017-08-15 14:11:46.232] [INFO] default - erquest to /css/images/ui-bg_glass_100_fdf5ce_1x400.png
[2017-08-15 14:11:46.859] [INFO] default - erquest to /css/images/ui-bg_glass_65_ffffff_1x400.png
[2017-08-15 14:14:17.730] [INFO] default - listening on *:3000
[2017-08-15 14:14:19.422] [INFO] default - erquest to /
[2017-08-15 14:14:19.433] [DEBUG] default - return top page
[2017-08-15 14:14:19.500] [INFO] default - erquest to /css/jquery-ui.css
[2017-08-15 14:14:19.503] [INFO] default - erquest to /js/ddntj.js
[2017-08-15 14:14:20.021] [INFO] default - erquest to /css/images/ui-bg_glass_100_f6f6f6_1x400.png
[2017-08-15 14:14:20.084] [INFO] default - connect : 4さん
[2017-08-15 14:14:21.557] [INFO] default - erquest to /css/images/ui-bg_glass_100_fdf5ce_1x400.png
[2017-08-15 14:14:26.269] [INFO] default - erquest to /css/images/ui-bg_glass_65_ffffff_1x400.png
[2017-08-15 14:15:10.879] [INFO] default - erquest to /
[2017-08-15 14:15:10.887] [DEBUG] default - return top page
[2017-08-15 14:15:10.921] [INFO] default - erquest to /css/jquery-ui.css
[2017-08-15 14:15:10.930] [INFO] default - erquest to /js/ddntj.js
[2017-08-15 14:15:11.492] [INFO] default - erquest to /css/images/ui-bg_glass_100_f6f6f6_1x400.png
[2017-08-15 14:15:11.552] [INFO] default - connect : 30さん
[2017-08-15 14:15:12.236] [INFO] default - erquest to /css/images/ui-bg_glass_100_fdf5ce_1x400.png
[2017-08-15 14:15:12.822] [INFO] default - erquest to /css/images/ui-bg_glass_65_ffffff_1x400.png
[2017-08-15 14:15:22.255] [INFO] default - erquest to /
[2017-08-15 14:15:22.256] [DEBUG] default - return top page
[2017-08-15 14:15:22.281] [INFO] default - erquest to /css/jquery-ui.css
[2017-08-15 14:15:22.286] [INFO] default - erquest to /js/ddntj.js
[2017-08-15 14:15:22.724] [INFO] default - erquest to /css/images/ui-bg_glass_100_f6f6f6_1x400.png
[2017-08-15 14:15:22.794] [INFO] default - connect : 35さん
[2017-08-15 14:15:23.221] [INFO] default - erquest to /css/images/ui-bg_glass_100_fdf5ce_1x400.png
[2017-08-15 14:15:24.014] [INFO] default - erquest to /css/images/ui-bg_glass_65_ffffff_1x400.png
[2017-08-15 14:17:14.650] [INFO] default - listening on *:3000
[2017-08-15 14:17:16.189] [INFO] default - erquest to /
[2017-08-15 14:17:16.192] [DEBUG] default - return top page
[2017-08-15 14:17:16.252] [INFO] default - erquest to /css/jquery-ui.css
[2017-08-15 14:17:16.255] [INFO] default - erquest to /js/ddntj.js
[2017-08-15 14:17:16.736] [INFO] default - erquest to /css/images/ui-bg_glass_100_f6f6f6_1x400.png
[2017-08-15 14:17:16.801] [INFO] default - connect : 52さん
[2017-08-15 14:17:17.346] [INFO] default - erquest to /css/images/ui-bg_glass_100_fdf5ce_1x400.png
[2017-08-15 14:17:18.678] [INFO] default - erquest to /css/images/ui-bg_glass_65_ffffff_1x400.png
[2017-08-15 14:17:26.219] [INFO] default - erquest to /
[2017-08-15 14:17:26.221] [DEBUG] default - return top page
[2017-08-15 14:17:26.236] [INFO] default - erquest to /css/jquery-ui.css
[2017-08-15 14:17:26.240] [INFO] default - erquest to /js/ddntj.js
[2017-08-15 14:17:26.586] [INFO] default - erquest to /css/images/ui-bg_glass_100_f6f6f6_1x400.png
[2017-08-15 14:17:26.645] [INFO] default - connect : 49さん
[2017-08-15 14:19:16.863] [INFO] default - erquest to /
[2017-08-15 14:19:16.870] [DEBUG] default - return top page
[2017-08-15 14:19:16.904] [INFO] default - erquest to /css/jquery-ui.css
[2017-08-15 14:19:16.907] [INFO] default - erquest to /js/ddntj.js
[2017-08-15 14:19:17.427] [INFO] default - erquest to /css/images/ui-bg_glass_100_f6f6f6_1x400.png
[2017-08-15 14:19:17.490] [INFO] default - connect : 89さん
[2017-08-15 14:19:18.449] [INFO] default - erquest to /css/images/ui-bg_glass_100_fdf5ce_1x400.png
[2017-08-15 14:20:36.517] [INFO] default - erquest to /
[2017-08-15 14:20:36.522] [DEBUG] default - return top page
[2017-08-15 14:20:36.550] [INFO] default - erquest to /css/jquery-ui.css
[2017-08-15 14:20:36.553] [INFO] default - erquest to /js/ddntj.js
[2017-08-15 14:20:37.015] [INFO] default - erquest to /css/images/ui-bg_glass_100_f6f6f6_1x400.png
[2017-08-15 14:20:37.029] [INFO] default - erquest to /css/images/ui-icons_222222_256x240.png
[2017-08-15 14:20:37.091] [INFO] default - connect : 17さん
[2017-08-15 14:20:37.912] [INFO] default - erquest to /css/images/ui-bg_glass_100_fdf5ce_1x400.png
[2017-08-15 14:21:14.359] [INFO] default - listening on *:3000
[2017-08-15 14:21:17.085] [INFO] default - erquest to /
[2017-08-15 14:21:17.089] [DEBUG] default - return top page
[2017-08-15 14:21:17.136] [INFO] default - erquest to /css/jquery-ui.css
[2017-08-15 14:21:17.139] [INFO] default - erquest to /js/ddntj.js
[2017-08-15 14:21:17.630] [INFO] default - erquest to /css/images/ui-bg_glass_100_f6f6f6_1x400.png
[2017-08-15 14:21:17.646] [INFO] default - erquest to /css/images/ui-icons_222222_256x240.png
[2017-08-15 14:21:17.717] [INFO] default - connect : 57さん
[2017-08-15 14:22:27.333] [INFO] default - erquest to /
[2017-08-15 14:22:27.336] [DEBUG] default - return top page
[2017-08-15 14:22:27.367] [INFO] default - erquest to /css/jquery-ui.css
[2017-08-15 14:22:27.370] [INFO] default - erquest to /js/ddntj.js
[2017-08-15 14:22:27.883] [INFO] default - erquest to /css/images/ui-bg_glass_100_f6f6f6_1x400.png
[2017-08-15 14:22:27.943] [INFO] default - connect : 82さん
[2017-08-15 14:23:54.716] [INFO] default - erquest to /
[2017-08-15 14:23:54.719] [DEBUG] default - return top page
[2017-08-15 14:23:54.735] [INFO] default - erquest to /css/jquery-ui.css
[2017-08-15 14:23:54.743] [INFO] default - erquest to /js/ddntj.js
[2017-08-15 14:23:55.102] [INFO] default - erquest to /css/images/ui-bg_glass_100_f6f6f6_1x400.png
[2017-08-15 14:23:55.113] [INFO] default - erquest to /css/images/ui-icons_222222_256x240.png
[2017-08-15 14:23:55.160] [INFO] default - connect : 67さん
[2017-08-15 14:27:52.481] [INFO] default - erquest to /
[2017-08-15 14:27:52.484] [DEBUG] default - return top page
[2017-08-15 14:27:52.514] [INFO] default - erquest to /css/jquery-ui.css
[2017-08-15 14:27:52.519] [INFO] default - erquest to /js/ddntj.js
[2017-08-15 14:27:52.879] [INFO] default - erquest to /css/images/ui-bg_glass_100_f6f6f6_1x400.png
[2017-08-15 14:27:52.888] [INFO] default - erquest to /css/images/ui-icons_222222_256x240.png
[2017-08-15 14:27:52.935] [INFO] default - connect : 70さん
[2017-08-15 14:30:55.577] [INFO] default - erquest to /
[2017-08-15 14:30:55.579] [DEBUG] default - return top page
[2017-08-15 14:30:55.594] [INFO] default - erquest to /css/jquery-ui.css
[2017-08-15 14:30:55.596] [INFO] default - erquest to /js/ddntj.js
[2017-08-15 14:30:55.963] [INFO] default - erquest to /css/images/ui-bg_glass_100_f6f6f6_1x400.png
[2017-08-15 14:30:55.972] [INFO] default - erquest to /css/images/ui-icons_222222_256x240.png
[2017-08-15 14:30:56.017] [INFO] default - connect : 36さん
[2017-08-15 14:31:52.879] [INFO] default - erquest to /
[2017-08-15 14:31:52.881] [DEBUG] default - return top page
[2017-08-15 14:31:52.902] [INFO] default - erquest to /css/jquery-ui.css
[2017-08-15 14:31:52.912] [INFO] default - erquest to /js/ddntj.js
[2017-08-15 14:31:53.384] [INFO] default - erquest to /css/images/ui-bg_glass_100_f6f6f6_1x400.png
[2017-08-15 14:31:53.386] [INFO] default - erquest to /css/images/ui-icons_222222_256x240.png
[2017-08-15 14:31:53.389] [INFO] default - connect : 65さん
[2017-08-15 14:32:33.962] [INFO] default - erquest to /
[2017-08-15 14:32:33.964] [DEBUG] default - return top page
[2017-08-15 14:32:33.978] [INFO] default - erquest to /css/jquery-ui.css
[2017-08-15 14:32:33.980] [INFO] default - erquest to /js/ddntj.js
[2017-08-15 14:32:34.213] [INFO] default - erquest to /css/images/ui-bg_highlight-soft_100_eeeeee_1x100.png
[2017-08-15 14:32:34.363] [INFO] default - erquest to /css/images/ui-bg_glass_100_f6f6f6_1x400.png
[2017-08-15 14:32:34.372] [INFO] default - erquest to /css/images/ui-icons_222222_256x240.png
[2017-08-15 14:32:34.427] [INFO] default - connect : 34さん
[2017-08-15 14:34:19.906] [INFO] default - erquest to /
[2017-08-15 14:34:19.907] [DEBUG] default - return top page
[2017-08-15 14:34:19.924] [INFO] default - erquest to /css/jquery-ui.css
[2017-08-15 14:34:19.930] [INFO] default - erquest to /js/ddntj.js
[2017-08-15 14:34:20.149] [INFO] default - erquest to /css/images/ui-bg_highlight-soft_100_eeeeee_1x100.png
[2017-08-15 14:34:20.288] [INFO] default - erquest to /css/images/ui-bg_glass_100_f6f6f6_1x400.png
[2017-08-15 14:34:20.297] [INFO] default - erquest to /css/images/ui-icons_222222_256x240.png
[2017-08-15 14:34:20.345] [INFO] default - connect : 58さん
[2017-08-15 14:39:24.971] [INFO] default - erquest to /
[2017-08-15 14:39:24.972] [DEBUG] default - return top page
[2017-08-15 14:39:24.990] [INFO] default - erquest to /css/jquery-ui.css
[2017-08-15 14:39:24.992] [INFO] default - erquest to /js/ddntj.js
[2017-08-15 14:39:25.217] [INFO] default - erquest to /css/images/ui-bg_highlight-soft_100_eeeeee_1x100.png
[2017-08-15 14:39:25.430] [INFO] default - erquest to /css/images/ui-bg_glass_100_f6f6f6_1x400.png
[2017-08-15 14:39:25.432] [INFO] default - erquest to /css/images/ui-icons_222222_256x240.png
[2017-08-15 14:39:25.476] [INFO] default - connect : 38さん
[2017-08-15 14:39:32.178] [INFO] default - erquest to /css/images/ui-bg_glass_100_fdf5ce_1x400.png
[2017-08-15 14:39:57.327] [INFO] default - erquest to /
[2017-08-15 14:39:57.329] [DEBUG] default - return top page
[2017-08-15 14:39:57.345] [INFO] default - erquest to /css/jquery-ui.css
[2017-08-15 14:39:57.350] [INFO] default - erquest to /js/ddntj.js
[2017-08-15 14:39:57.590] [INFO] default - erquest to /css/images/ui-bg_highlight-soft_100_eeeeee_1x100.png
[2017-08-15 14:39:57.725] [INFO] default - erquest to /css/images/ui-bg_glass_100_f6f6f6_1x400.png
[2017-08-15 14:39:57.736] [INFO] default - erquest to /css/images/ui-icons_222222_256x240.png
[2017-08-15 14:39:57.780] [INFO] default - connect : 71さん
[2017-08-15 14:40:07.538] [INFO] default - erquest to /
[2017-08-15 14:40:07.541] [DEBUG] default - return top page
[2017-08-15 14:40:07.566] [INFO] default - erquest to /css/jquery-ui.css
[2017-08-15 14:40:07.573] [INFO] default - erquest to /js/ddntj.js
[2017-08-15 14:40:07.741] [INFO] default - erquest to /css/images/ui-bg_highlight-soft_100_eeeeee_1x100.png
[2017-08-15 14:40:07.857] [INFO] default - erquest to /css/images/ui-bg_glass_100_f6f6f6_1x400.png
[2017-08-15 14:40:07.865] [INFO] default - erquest to /css/images/ui-icons_222222_256x240.png
[2017-08-15 14:40:07.909] [INFO] default - connect : 14さん
[2017-08-15 14:40:48.833] [INFO] default - erquest to /
[2017-08-15 14:40:48.835] [DEBUG] default - return top page
[2017-08-15 14:40:48.861] [INFO] default - erquest to /css/jquery-ui.css
[2017-08-15 14:40:48.863] [INFO] default - erquest to /js/ddntj.js
[2017-08-15 14:40:49.067] [INFO] default - erquest to /css/images/ui-bg_highlight-soft_100_eeeeee_1x100.png
[2017-08-15 14:40:49.211] [INFO] default - erquest to /css/images/ui-bg_glass_100_f6f6f6_1x400.png
[2017-08-15 14:40:49.222] [INFO] default - erquest to /css/images/ui-icons_222222_256x240.png
[2017-08-15 14:40:49.275] [INFO] default - connect : 84さん
[2017-08-15 14:43:58.464] [INFO] default - erquest to /css/images/ui-bg_glass_100_fdf5ce_1x400.png
[2017-08-15 14:47:48.614] [INFO] default - erquest to /
[2017-08-15 14:47:48.616] [DEBUG] default - return top page
[2017-08-15 14:47:48.632] [INFO] default - erquest to /css/jquery-ui.css
[2017-08-15 14:47:48.636] [INFO] default - erquest to /js/ddntj.js
[2017-08-15 14:47:48.899] [INFO] default - erquest to /css/images/ui-bg_highlight-soft_100_eeeeee_1x100.png
[2017-08-15 14:47:49.027] [INFO] default - erquest to /css/images/ui-bg_glass_100_f6f6f6_1x400.png
[2017-08-15 14:47:49.036] [INFO] default - erquest to /css/images/ui-icons_222222_256x240.png
[2017-08-15 14:47:49.081] [INFO] default - connect : 30さん
[2017-08-15 14:49:25.304] [INFO] default - erquest to /
[2017-08-15 14:49:25.306] [DEBUG] default - return top page
[2017-08-15 14:49:25.324] [INFO] default - erquest to /css/jquery-ui.css
[2017-08-15 14:49:25.326] [INFO] default - erquest to /js/ddntj.js
[2017-08-15 14:49:25.615] [INFO] default - erquest to /css/images/ui-bg_highlight-soft_100_eeeeee_1x100.png
[2017-08-15 14:49:25.799] [INFO] default - erquest to /css/images/ui-bg_glass_100_f6f6f6_1x400.png
[2017-08-15 14:49:25.809] [INFO] default - erquest to /css/images/ui-icons_222222_256x240.png
[2017-08-15 14:49:25.851] [INFO] default - connect : 53さん
[2017-08-15 14:49:33.214] [INFO] default - erquest to /css/images/ui-bg_glass_100_fdf5ce_1x400.png
[2017-08-15 14:50:25.317] [INFO] default - erquest to /
[2017-08-15 14:50:25.319] [DEBUG] default - return top page
[2017-08-15 14:50:25.342] [INFO] default - erquest to /css/jquery-ui.css
[2017-08-15 14:50:25.347] [INFO] default - erquest to /js/ddntj.js
[2017-08-15 14:50:25.569] [INFO] default - erquest to /css/images/ui-bg_highlight-soft_100_eeeeee_1x100.png
[2017-08-15 14:50:25.716] [INFO] default - erquest to /css/images/ui-bg_glass_100_f6f6f6_1x400.png
[2017-08-15 14:50:25.724] [INFO] default - erquest to /css/images/ui-icons_222222_256x240.png
[2017-08-15 14:50:25.770] [INFO] default - connect : 17さん
[2017-08-15 14:51:39.416] [INFO] default - erquest to /
[2017-08-15 14:51:39.417] [DEBUG] default - return top page
[2017-08-15 14:51:39.434] [INFO] default - erquest to /css/jquery-ui.css
[2017-08-15 14:51:39.437] [INFO] default - erquest to /js/ddntj.js
[2017-08-15 14:51:39.654] [INFO] default - erquest to /css/images/ui-bg_highlight-soft_100_eeeeee_1x100.png
[2017-08-15 14:51:39.816] [INFO] default - erquest to /css/images/ui-bg_glass_100_f6f6f6_1x400.png
[2017-08-15 14:51:39.826] [INFO] default - erquest to /css/images/ui-icons_222222_256x240.png
[2017-08-15 14:51:39.869] [INFO] default - connect : 37さん
[2017-08-15 14:53:29.602] [INFO] default - erquest to /
[2017-08-15 14:53:29.604] [DEBUG] default - return top page
[2017-08-15 14:53:29.620] [INFO] default - erquest to /css/jquery-ui.css
[2017-08-15 14:53:29.625] [INFO] default - erquest to /js/ddntj.js
[2017-08-15 14:53:29.875] [INFO] default - erquest to /css/images/ui-bg_highlight-soft_100_eeeeee_1x100.png
[2017-08-15 14:53:30.015] [INFO] default - erquest to /css/images/ui-bg_glass_100_f6f6f6_1x400.png
[2017-08-15 14:53:30.027] [INFO] default - erquest to /css/images/ui-icons_222222_256x240.png
[2017-08-15 14:53:30.083] [INFO] default - connect : 89さん
[2017-08-15 15:22:56.786] [INFO] default - erquest to /css/images/ui-bg_glass_100_fdf5ce_1x400.png
[2017-08-15 15:41:59.489] [INFO] default - erquest to /
[2017-08-15 15:41:59.491] [DEBUG] default - return top page
[2017-08-15 15:41:59.524] [INFO] default - erquest to /css/jquery-ui.css
[2017-08-15 15:41:59.527] [INFO] default - erquest to /css/ddntj.css
[2017-08-15 15:41:59.529] [INFO] default - erquest to /js/ddntj.js
[2017-08-15 15:41:59.744] [INFO] default - erquest to /css/images/ui-bg_highlight-soft_100_eeeeee_1x100.png
[2017-08-15 15:41:59.891] [INFO] default - erquest to /css/images/ui-bg_glass_100_f6f6f6_1x400.png
[2017-08-15 15:41:59.903] [INFO] default - erquest to /css/images/ui-icons_222222_256x240.png
[2017-08-15 15:41:59.953] [INFO] default - connect : 15さん
[2017-08-15 15:42:04.201] [INFO] default - erquest to /css/jquery-ui.css
[2017-08-15 15:42:04.204] [INFO] default - erquest to /css/ddntj.css
[2017-08-15 17:30:29.431] [INFO] default - erquest to /css/images/ui-bg_glass_100_fdf5ce_1x400.png
[2017-08-15 17:41:13.442] [INFO] default - erquest to /
[2017-08-15 17:41:13.445] [DEBUG] default - return top page
[2017-08-15 17:41:13.574] [INFO] default - erquest to /css/jquery-ui.css
[2017-08-15 17:41:13.580] [INFO] default - erquest to /css/ddntj.css
[2017-08-15 17:41:13.582] [INFO] default - erquest to /js/ddntj.js
[2017-08-15 17:41:13.838] [INFO] default - erquest to /css/images/ui-bg_highlight-soft_100_eeeeee_1x100.png
[2017-08-15 17:41:14.064] [INFO] default - erquest to /css/images/ui-bg_glass_100_f6f6f6_1x400.png
[2017-08-15 17:41:14.073] [INFO] default - erquest to /css/images/ui-icons_222222_256x240.png
[2017-08-15 17:41:14.153] [INFO] default - connect : 55さん
[2017-08-15 17:41:25.781] [INFO] default - listening on *:3000
[2017-08-15 17:41:34.765] [INFO] default - erquest to /
[2017-08-15 17:41:34.769] [DEBUG] default - return top page
[2017-08-15 17:41:34.909] [INFO] default - erquest to /css/jquery-ui.css
[2017-08-15 17:41:34.917] [INFO] default - erquest to /css/ddntj.css
[2017-08-15 17:41:34.921] [INFO] default - erquest to /js/ddntj.js
[2017-08-15 17:41:35.182] [INFO] default - erquest to /css/images/ui-bg_highlight-soft_100_eeeeee_1x100.png
[2017-08-15 17:41:35.407] [INFO] default - erquest to /css/images/ui-bg_glass_100_f6f6f6_1x400.png
[2017-08-15 17:41:35.419] [INFO] default - erquest to /css/images/ui-icons_222222_256x240.png
[2017-08-15 17:41:35.503] [INFO] default - connect : 18さん
[2017-08-15 17:42:02.580] [INFO] default - erquest to /
[2017-08-15 17:42:02.584] [DEBUG] default - return top page
[2017-08-15 17:42:02.627] [INFO] default - erquest to /css/jquery-ui.css
[2017-08-15 17:42:02.632] [INFO] default - erquest to /css/ddntj.css
[2017-08-15 17:42:02.637] [INFO] default - erquest to /js/ddntj.js
[2017-08-15 17:42:02.980] [INFO] default - erquest to /css/images/ui-bg_highlight-soft_100_eeeeee_1x100.png
[2017-08-15 17:42:03.234] [INFO] default - erquest to /css/images/ui-bg_glass_100_f6f6f6_1x400.png
[2017-08-15 17:42:03.245] [INFO] default - erquest to /css/images/ui-icons_222222_256x240.png
[2017-08-15 17:42:03.328] [INFO] default - connect : 92さん
[2017-08-15 17:45:02.714] [INFO] default - erquest to /
[2017-08-15 17:45:02.716] [DEBUG] default - return top page
[2017-08-15 17:45:02.861] [INFO] default - erquest to /css/jquery-ui.css
[2017-08-15 17:45:02.863] [INFO] default - erquest to /css/ddntj.css
[2017-08-15 17:45:02.866] [INFO] default - erquest to /js/ddntj.js
[2017-08-15 17:45:03.113] [INFO] default - erquest to /css/images/ui-bg_highlight-soft_100_eeeeee_1x100.png
[2017-08-15 17:45:03.427] [INFO] default - erquest to /css/images/ui-bg_glass_100_f6f6f6_1x400.png
[2017-08-15 17:45:03.438] [INFO] default - erquest to /css/images/ui-icons_222222_256x240.png
[2017-08-15 17:45:03.529] [INFO] default - connect : 14さん
[2017-08-15 17:45:04.781] [INFO] default - erquest to /css/images/ui-bg_glass_100_fdf5ce_1x400.png
[2017-08-15 17:45:57.242] [INFO] default - erquest to /
[2017-08-15 17:45:57.244] [DEBUG] default - return top page
[2017-08-15 17:45:57.273] [INFO] default - erquest to /css/jquery-ui.css
[2017-08-15 17:45:57.285] [INFO] default - erquest to /css/ddntj.css
[2017-08-15 17:45:57.288] [INFO] default - erquest to /js/ddntj.js
[2017-08-15 17:45:57.630] [INFO] default - erquest to /css/images/ui-bg_highlight-soft_100_eeeeee_1x100.png
[2017-08-15 17:45:57.855] [INFO] default - erquest to /css/images/ui-bg_glass_100_f6f6f6_1x400.png
[2017-08-15 17:45:57.866] [INFO] default - erquest to /css/images/ui-icons_222222_256x240.png
[2017-08-15 17:45:57.956] [INFO] default - connect : 81さん
[2017-08-15 17:46:43.395] [INFO] default - erquest to /css/images/ui-bg_glass_100_fdf5ce_1x400.png
[2017-08-15 17:46:44.424] [INFO] default - erquest to /
[2017-08-15 17:46:44.427] [DEBUG] default - return top page
[2017-08-15 17:46:44.449] [INFO] default - erquest to /css/jquery-ui.css
[2017-08-15 17:46:44.451] [INFO] default - erquest to /css/ddntj.css
[2017-08-15 17:46:44.467] [INFO] default - erquest to /js/ddntj.js
[2017-08-15 17:46:44.982] [INFO] default - erquest to /css/images/ui-bg_highlight-soft_100_eeeeee_1x100.png
[2017-08-15 17:46:44.984] [INFO] default - erquest to /css/images/ui-bg_glass_100_f6f6f6_1x400.png
[2017-08-15 17:46:44.994] [INFO] default - erquest to /css/images/ui-icons_222222_256x240.png
[2017-08-15 17:46:45.086] [INFO] default - connect : 71さん
[2017-08-15 17:46:55.255] [INFO] default - erquest to /
[2017-08-15 17:46:55.258] [DEBUG] default - return top page
[2017-08-15 17:46:55.277] [INFO] default - erquest to /css/jquery-ui.css
[2017-08-15 17:46:55.282] [INFO] default - erquest to /css/ddntj.css
[2017-08-15 17:46:55.296] [INFO] default - erquest to /js/ddntj.js
[2017-08-15 17:46:55.611] [INFO] default - erquest to /css/images/ui-bg_highlight-soft_100_eeeeee_1x100.png
[2017-08-15 17:46:55.848] [INFO] default - erquest to /css/images/ui-bg_glass_100_f6f6f6_1x400.png
[2017-08-15 17:46:55.860] [INFO] default - erquest to /css/images/ui-icons_222222_256x240.png
[2017-08-15 17:46:55.939] [INFO] default - connect : 99さん
[2017-08-15 17:46:57.057] [INFO] default - erquest to /css/images/ui-bg_glass_100_fdf5ce_1x400.png
[2017-08-15 17:48:08.214] [INFO] default - erquest to /
[2017-08-15 17:48:08.215] [DEBUG] default - return top page
[2017-08-15 17:48:08.240] [INFO] default - erquest to /css/jquery-ui.css
[2017-08-15 17:48:08.247] [INFO] default - erquest to /css/ddntj.css
[2017-08-15 17:48:08.262] [INFO] default - erquest to /js/ddntj.js
[2017-08-15 17:48:08.859] [INFO] default - erquest to /css/images/ui-bg_highlight-soft_100_eeeeee_1x100.png
[2017-08-15 17:48:08.861] [INFO] default - erquest to /css/images/ui-bg_glass_100_f6f6f6_1x400.png
[2017-08-15 17:48:08.874] [INFO] default - erquest to /css/images/ui-icons_222222_256x240.png
[2017-08-15 17:48:08.979] [INFO] default - connect : 37さん
[2017-08-15 17:48:53.513] [INFO] default - erquest to /
[2017-08-15 17:48:53.515] [DEBUG] default - return top page
[2017-08-15 17:48:53.561] [INFO] default - erquest to /css/jquery-ui.css
[2017-08-15 17:48:53.605] [INFO] default - erquest to /css/ddntj.css
[2017-08-15 17:48:53.611] [INFO] default - erquest to /js/ddntj.js
[2017-08-15 17:48:54.254] [INFO] default - erquest to /css/images/ui-bg_highlight-soft_100_eeeeee_1x100.png
[2017-08-15 17:48:54.257] [INFO] default - erquest to /css/images/ui-bg_glass_100_f6f6f6_1x400.png
[2017-08-15 17:48:54.279] [INFO] default - erquest to /css/images/ui-icons_222222_256x240.png
[2017-08-15 17:48:54.391] [INFO] default - connect : 87さん
[2017-08-15 17:49:07.889] [INFO] default - erquest to /
[2017-08-15 17:49:07.891] [DEBUG] default - return top page
[2017-08-15 17:49:07.912] [INFO] default - erquest to /css/jquery-ui.css
[2017-08-15 17:49:07.914] [INFO] default - erquest to /css/ddntj.css
[2017-08-15 17:49:07.922] [INFO] default - erquest to /js/ddntj.js
[2017-08-15 17:49:08.353] [INFO] default - erquest to /css/images/ui-bg_highlight-soft_100_eeeeee_1x100.png
[2017-08-15 17:49:08.354] [INFO] default - erquest to /css/images/ui-bg_glass_100_f6f6f6_1x400.png
[2017-08-15 17:49:08.375] [INFO] default - erquest to /css/images/ui-icons_222222_256x240.png
[2017-08-15 17:49:08.479] [INFO] default - connect : 14さん
[2017-08-15 17:50:09.370] [INFO] default - erquest to /
[2017-08-15 17:50:09.372] [DEBUG] default - return top page
[2017-08-15 17:50:09.406] [INFO] default - erquest to /css/jquery-ui.css
[2017-08-15 17:50:09.415] [INFO] default - erquest to /css/ddntj.css
[2017-08-15 17:50:09.419] [INFO] default - erquest to /js/ddntj.js
[2017-08-15 17:50:09.831] [INFO] default - erquest to /css/images/ui-bg_highlight-soft_100_eeeeee_1x100.png
[2017-08-15 17:50:10.030] [INFO] default - erquest to /css/images/ui-bg_glass_100_f6f6f6_1x400.png
[2017-08-15 17:50:10.041] [INFO] default - erquest to /css/images/ui-icons_222222_256x240.png
[2017-08-15 17:50:10.124] [INFO] default - connect : 84さん
[2017-08-15 17:50:37.995] [INFO] default - erquest to /css/images/ui-bg_glass_100_fdf5ce_1x400.png
[2017-08-15 17:53:12.774] [INFO] default - erquest to /
[2017-08-15 17:53:12.776] [DEBUG] default - return top page
[2017-08-15 17:53:12.943] [INFO] default - erquest to /css/jquery-ui.css
[2017-08-15 17:53:12.954] [INFO] default - erquest to /css/ddntj.css
[2017-08-15 17:53:12.955] [INFO] default - erquest to /js/ddntj.js
[2017-08-15 17:53:13.531] [INFO] default - erquest to /css/images/ui-bg_highlight-soft_100_eeeeee_1x100.png
[2017-08-15 17:53:13.533] [INFO] default - erquest to /css/images/ui-bg_glass_100_f6f6f6_1x400.png
[2017-08-15 17:53:13.551] [INFO] default - erquest to /css/images/ui-icons_222222_256x240.png
[2017-08-15 17:53:13.675] [INFO] default - connect : 11さん
[2017-08-15 17:53:59.571] [INFO] default - erquest to /
[2017-08-15 17:53:59.574] [DEBUG] default - return top page
[2017-08-15 17:53:59.605] [INFO] default - erquest to /css/jquery-ui.css
[2017-08-15 17:53:59.614] [INFO] default - erquest to /css/ddntj.css
[2017-08-15 17:53:59.622] [INFO] default - erquest to /js/ddntj.js
[2017-08-15 17:53:59.978] [INFO] default - erquest to /css/images/ui-bg_highlight-soft_100_eeeeee_1x100.png
[2017-08-15 17:54:00.231] [INFO] default - erquest to /css/images/ui-bg_glass_100_f6f6f6_1x400.png
[2017-08-15 17:54:00.245] [INFO] default - erquest to /css/images/ui-icons_222222_256x240.png
[2017-08-15 17:54:00.338] [INFO] default - connect : 99さん
[2017-08-15 17:54:35.816] [INFO] default - erquest to /
[2017-08-15 17:54:35.817] [DEBUG] default - return top page
[2017-08-15 17:54:35.839] [INFO] default - erquest to /css/jquery-ui.css
[2017-08-15 17:54:35.842] [INFO] default - erquest to /css/ddntj.css
[2017-08-15 17:54:35.856] [INFO] default - erquest to /js/ddntj.js
[2017-08-15 17:54:36.222] [INFO] default - erquest to /css/images/ui-bg_highlight-soft_100_eeeeee_1x100.png
[2017-08-15 17:54:36.475] [INFO] default - erquest to /css/images/ui-bg_glass_100_f6f6f6_1x400.png
[2017-08-15 17:54:36.488] [INFO] default - erquest to /css/images/ui-icons_222222_256x240.png
[2017-08-15 17:54:36.579] [INFO] default - connect : 31さん
[2017-08-15 17:54:37.349] [INFO] default - erquest to /css/images/ui-bg_glass_100_fdf5ce_1x400.png
[2017-08-15 17:55:29.041] [INFO] default - erquest to /
[2017-08-15 17:55:29.043] [DEBUG] default - return top page
[2017-08-15 17:55:29.079] [INFO] default - erquest to /css/jquery-ui.css
[2017-08-15 17:55:29.083] [INFO] default - erquest to /css/ddntj.css
[2017-08-15 17:55:29.094] [INFO] default - erquest to /js/ddntj.js
[2017-08-15 17:55:29.472] [INFO] default - erquest to /css/images/ui-bg_highlight-soft_100_eeeeee_1x100.png
[2017-08-15 17:55:29.699] [INFO] default - erquest to /css/images/ui-bg_glass_100_f6f6f6_1x400.png
[2017-08-15 17:55:29.712] [INFO] default - erquest to /css/images/ui-icons_222222_256x240.png
[2017-08-15 17:55:29.822] [INFO] default - connect : 59さん
[2017-08-15 17:56:10.977] [INFO] default - erquest to /
[2017-08-15 17:56:10.980] [DEBUG] default - return top page
[2017-08-15 17:56:11.029] [INFO] default - erquest to /css/jquery-ui.css
[2017-08-15 17:56:11.032] [INFO] default - erquest to /css/ddntj.css
[2017-08-15 17:56:11.034] [INFO] default - erquest to /js/ddntj.js
[2017-08-15 17:56:11.423] [INFO] default - erquest to /css/images/ui-bg_highlight-soft_100_eeeeee_1x100.png
[2017-08-15 17:56:11.669] [INFO] default - erquest to /css/images/ui-bg_glass_100_f6f6f6_1x400.png
[2017-08-15 17:56:11.683] [INFO] default - erquest to /css/images/ui-icons_222222_256x240.png
[2017-08-15 17:56:11.767] [INFO] default - connect : 80さん
[2017-08-15 17:56:33.783] [INFO] default - erquest to /
[2017-08-15 17:56:33.784] [DEBUG] default - return top page
[2017-08-15 17:56:33.822] [INFO] default - erquest to /css/jquery-ui.css
[2017-08-15 17:56:33.824] [INFO] default - erquest to /css/ddntj.css
[2017-08-15 17:56:33.826] [INFO] default - erquest to /js/ddntj.js
[2017-08-15 17:56:34.273] [INFO] default - erquest to /css/images/ui-bg_highlight-soft_100_eeeeee_1x100.png
[2017-08-15 17:56:34.519] [INFO] default - erquest to /css/images/ui-bg_glass_100_f6f6f6_1x400.png
[2017-08-15 17:56:34.528] [INFO] default - erquest to /css/images/ui-icons_222222_256x240.png
[2017-08-15 17:56:34.610] [INFO] default - connect : 57さん
[2017-08-15 17:57:00.359] [INFO] default - erquest to /
[2017-08-15 17:57:00.361] [DEBUG] default - return top page
[2017-08-15 17:57:00.383] [INFO] default - erquest to /css/jquery-ui.css
[2017-08-15 17:57:00.386] [INFO] default - erquest to /css/ddntj.css
[2017-08-15 17:57:00.402] [INFO] default - erquest to /js/ddntj.js
[2017-08-15 17:57:00.762] [INFO] default - erquest to /css/images/ui-bg_highlight-soft_100_eeeeee_1x100.png
[2017-08-15 17:57:01.006] [INFO] default - erquest to /css/images/ui-bg_glass_100_f6f6f6_1x400.png
[2017-08-15 17:57:01.021] [INFO] default - erquest to /css/images/ui-icons_222222_256x240.png
[2017-08-15 17:57:01.108] [INFO] default - connect : 87さん
[2017-08-15 17:58:46.382] [INFO] default - erquest to /css/images/ui-bg_glass_100_fdf5ce_1x400.png
[2017-08-15 17:59:33.537] [INFO] default - erquest to /
[2017-08-15 17:59:33.543] [DEBUG] default - return top page
[2017-08-15 17:59:33.696] [INFO] default - erquest to /css/jquery-ui.css
[2017-08-15 17:59:33.711] [INFO] default - erquest to /css/ddntj.css
[2017-08-15 17:59:33.713] [INFO] default - erquest to /js/ddntj.js
[2017-08-15 17:59:33.964] [INFO] default - erquest to /css/images/ui-bg_highlight-soft_100_eeeeee_1x100.png
[2017-08-15 17:59:34.206] [INFO] default - erquest to /css/images/ui-bg_glass_100_f6f6f6_1x400.png
[2017-08-15 17:59:34.220] [INFO] default - erquest to /css/images/ui-icons_222222_256x240.png
[2017-08-15 17:59:34.317] [INFO] default - connect : 89さん
[2017-08-15 18:01:17.939] [INFO] default - erquest to /
[2017-08-15 18:01:17.941] [DEBUG] default - return top page
[2017-08-15 18:01:17.969] [INFO] default - erquest to /css/jquery-ui.css
[2017-08-15 18:01:17.982] [INFO] default - erquest to /css/ddntj.css
[2017-08-15 18:01:17.985] [INFO] default - erquest to /js/ddntj.js
[2017-08-15 18:01:18.324] [INFO] default - erquest to /css/images/ui-bg_highlight-soft_100_eeeeee_1x100.png
[2017-08-15 18:01:18.559] [INFO] default - erquest to /css/images/ui-bg_glass_100_f6f6f6_1x400.png
[2017-08-15 18:01:18.573] [INFO] default - erquest to /css/images/ui-icons_222222_256x240.png
[2017-08-15 18:01:18.655] [INFO] default - connect : 44さん
[2017-08-15 18:02:48.454] [INFO] default - erquest to /
[2017-08-15 18:02:48.456] [DEBUG] default - return top page
[2017-08-15 18:02:48.476] [INFO] default - erquest to /css/jquery-ui.css
[2017-08-15 18:02:48.478] [INFO] default - erquest to /css/ddntj.css
[2017-08-15 18:02:48.479] [INFO] default - erquest to /js/ddntj.js
[2017-08-15 18:02:48.826] [INFO] default - erquest to /css/images/ui-bg_highlight-soft_100_eeeeee_1x100.png
[2017-08-15 18:02:49.057] [INFO] default - erquest to /css/images/ui-bg_glass_100_f6f6f6_1x400.png
[2017-08-15 18:02:49.069] [INFO] default - erquest to /css/images/ui-icons_222222_256x240.png
[2017-08-15 18:02:49.164] [INFO] default - connect : 55さん
[2017-08-15 18:03:08.392] [INFO] default - erquest to /
[2017-08-15 18:03:08.394] [DEBUG] default - return top page
[2017-08-15 18:03:08.417] [INFO] default - erquest to /css/jquery-ui.css
[2017-08-15 18:03:08.419] [INFO] default - erquest to /css/ddntj.css
[2017-08-15 18:03:08.432] [INFO] default - erquest to /js/ddntj.js
[2017-08-15 18:03:08.792] [INFO] default - erquest to /css/images/ui-bg_highlight-soft_100_eeeeee_1x100.png
[2017-08-15 18:03:09.106] [INFO] default - erquest to /css/images/ui-bg_glass_100_f6f6f6_1x400.png
[2017-08-15 18:03:09.125] [INFO] default - erquest to /css/images/ui-icons_222222_256x240.png
[2017-08-15 18:03:09.215] [INFO] default - connect : 38さん
[2017-08-15 18:03:33.849] [INFO] default - erquest to /
[2017-08-15 18:03:33.853] [DEBUG] default - return top page
[2017-08-15 18:03:33.876] [INFO] default - erquest to /css/jquery-ui.css
[2017-08-15 18:03:33.893] [INFO] default - erquest to /css/ddntj.css
[2017-08-15 18:03:33.896] [INFO] default - erquest to /js/ddntj.js
[2017-08-15 18:03:34.460] [INFO] default - erquest to /css/images/ui-bg_highlight-soft_100_eeeeee_1x100.png
[2017-08-15 18:03:34.461] [INFO] default - erquest to /css/images/ui-bg_glass_100_f6f6f6_1x400.png
[2017-08-15 18:03:34.473] [INFO] default - erquest to /css/images/ui-icons_222222_256x240.png
[2017-08-15 18:03:34.566] [INFO] default - connect : 20さん
[2017-08-15 18:03:44.794] [INFO] default - erquest to /
[2017-08-15 18:03:44.798] [DEBUG] default - return top page
[2017-08-15 18:03:44.819] [INFO] default - erquest to /css/jquery-ui.css
[2017-08-15 18:03:44.830] [INFO] default - erquest to /css/ddntj.css
[2017-08-15 18:03:44.836] [INFO] default - erquest to /js/ddntj.js
[2017-08-15 18:03:45.116] [INFO] default - erquest to /css/images/ui-bg_highlight-soft_100_eeeeee_1x100.png
[2017-08-15 18:03:45.298] [INFO] default - erquest to /css/images/ui-bg_glass_100_f6f6f6_1x400.png
[2017-08-15 18:03:45.307] [INFO] default - erquest to /css/images/ui-icons_222222_256x240.png
[2017-08-15 18:03:45.380] [INFO] default - connect : 58さん
[2017-08-15 18:04:17.448] [INFO] default - erquest to /
[2017-08-15 18:04:17.450] [DEBUG] default - return top page
[2017-08-15 18:04:17.473] [INFO] default - erquest to /css/jquery-ui.css
[2017-08-15 18:04:17.477] [INFO] default - erquest to /css/ddntj.css
[2017-08-15 18:04:17.491] [INFO] default - erquest to /js/ddntj.js
[2017-08-15 18:04:17.852] [INFO] default - erquest to /css/images/ui-bg_highlight-soft_100_eeeeee_1x100.png
[2017-08-15 18:04:18.096] [INFO] default - erquest to /css/images/ui-bg_glass_100_f6f6f6_1x400.png
[2017-08-15 18:04:18.115] [INFO] default - erquest to /css/images/ui-icons_222222_256x240.png
[2017-08-15 18:04:18.199] [INFO] default - connect : 12さん
[2017-08-15 18:05:18.437] [INFO] default - erquest to /css/images/ui-bg_glass_100_fdf5ce_1x400.png
[2017-08-15 18:05:18.650] [INFO] default - erquest to /css/images/ui-bg_glass_65_ffffff_1x400.png
[2017-08-15 18:58:58.605] [INFO] default - listening on *:3000
[2017-08-15 18:59:01.822] [INFO] default - erquest to /
[2017-08-15 18:59:01.829] [DEBUG] default - return top page
[2017-08-15 18:59:01.978] [INFO] default - erquest to /css/jquery-ui.css
[2017-08-15 18:59:01.980] [INFO] default - erquest to /css/ddntj.css
[2017-08-15 18:59:01.983] [INFO] default - erquest to /js/ddntj.js
[2017-08-15 18:59:02.258] [INFO] default - erquest to /css/images/ui-bg_highlight-soft_100_eeeeee_1x100.png
[2017-08-15 18:59:02.568] [INFO] default - erquest to /css/images/ui-bg_glass_100_f6f6f6_1x400.png
[2017-08-15 18:59:02.581] [INFO] default - erquest to /css/images/ui-icons_222222_256x240.png
[2017-08-15 18:59:02.657] [INFO] default - connect : 77さん
[2017-08-15 19:00:02.262] [INFO] default - erquest to /
[2017-08-15 19:00:02.264] [DEBUG] default - return top page
[2017-08-15 19:00:02.312] [INFO] default - erquest to /css/jquery-ui.css
[2017-08-15 19:00:02.315] [INFO] default - erquest to /css/ddntj.css
[2017-08-15 19:00:02.318] [INFO] default - erquest to /js/ddntj.js
[2017-08-15 19:00:02.837] [INFO] default - erquest to /css/images/ui-bg_highlight-soft_100_eeeeee_1x100.png
[2017-08-15 19:00:02.838] [INFO] default - erquest to /css/images/ui-bg_glass_100_f6f6f6_1x400.png
[2017-08-15 19:00:02.853] [INFO] default - erquest to /css/images/ui-icons_222222_256x240.png
[2017-08-15 19:00:02.932] [INFO] default - connect : 14さん
[2017-08-15 19:01:58.092] [INFO] default - listening on *:3000
[2017-08-15 19:02:00.212] [INFO] default - erquest to /
[2017-08-15 19:02:00.222] [DEBUG] default - return top page
[2017-08-15 19:02:00.272] [INFO] default - erquest to /css/jquery-ui.css
[2017-08-15 19:02:00.393] [INFO] default - erquest to /css/ddntj.css
[2017-08-15 19:02:00.397] [INFO] default - erquest to /js/ddntj.js
[2017-08-15 19:02:00.804] [INFO] default - erquest to /css/images/ui-bg_highlight-soft_100_eeeeee_1x100.png
[2017-08-15 19:02:00.806] [INFO] default - erquest to /css/images/ui-bg_glass_100_f6f6f6_1x400.png
[2017-08-15 19:02:00.815] [INFO] default - erquest to /css/images/ui-icons_222222_256x240.png
[2017-08-15 19:02:00.912] [INFO] default - connect : 30さん
[2017-08-15 19:06:21.517] [INFO] default - listening on *:3000
[2017-08-15 19:06:23.215] [INFO] default - erquest to /
[2017-08-15 19:06:23.219] [DEBUG] default - return top page
[2017-08-15 19:06:23.358] [INFO] default - erquest to /css/jquery-ui.css
[2017-08-15 19:06:23.361] [INFO] default - erquest to /css/ddntj.css
[2017-08-15 19:06:23.363] [INFO] default - erquest to /js/ddntj.js
[2017-08-15 19:06:23.625] [INFO] default - erquest to /css/images/ui-bg_highlight-soft_100_eeeeee_1x100.png
[2017-08-15 19:06:23.868] [INFO] default - erquest to /css/images/ui-bg_glass_100_f6f6f6_1x400.png
[2017-08-15 19:06:23.876] [INFO] default - erquest to /css/images/ui-icons_222222_256x240.png
[2017-08-15 19:06:23.959] [INFO] default - connect : 63さん
[2017-08-15 19:06:27.454] [INFO] default - 63さん : hogehgoe
[2017-08-15 19:06:29.391] [INFO] default - 63さん : hogehgoe
[2017-08-15 19:06:34.532] [INFO] default - erquest to /
[2017-08-15 19:06:34.534] [DEBUG] default - return top page
[2017-08-15 19:06:34.548] [INFO] default - erquest to /css/jquery-ui.css
[2017-08-15 19:06:34.555] [INFO] default - erquest to /css/ddntj.css
[2017-08-15 19:06:34.567] [INFO] default - erquest to /js/ddntj.js
[2017-08-15 19:06:34.751] [INFO] default - erquest to /css/images/ui-bg_highlight-soft_100_eeeeee_1x100.png
[2017-08-15 19:06:34.951] [INFO] default - erquest to /css/images/ui-bg_glass_100_f6f6f6_1x400.png
[2017-08-15 19:06:34.982] [INFO] default - erquest to /css/images/ui-icons_222222_256x240.png
[2017-08-15 19:06:35.036] [INFO] default - connect : 75さん
[2017-08-15 19:06:38.862] [INFO] default - 75さん : abyaaaaaaaaaaaa
[2017-08-15 19:07:56.075] [INFO] default - listening on *:3000
[2017-08-15 19:13:41.371] [INFO] default - erquest to /css/images/ui-bg_glass_100_fdf5ce_1x400.png
[2017-08-15 19:14:36.373] [INFO] default - listening on *:3000
[2017-08-15 19:14:40.095] [INFO] default - erquest to /
[2017-08-15 19:14:40.097] [DEBUG] default - return top page
[2017-08-15 19:15:59.261] [INFO] default - listening on *:3000
[2017-08-15 19:16:01.332] [INFO] default - erquest to /
[2017-08-15 19:16:01.334] [DEBUG] default - return top page
[2017-08-15 19:16:01.495] [INFO] default - erquest to /css/jquery-ui.css
[2017-08-15 19:16:01.507] [INFO] default - erquest to /css/ddntj.css
[2017-08-15 19:16:01.510] [INFO] default - erquest to /js/dicebot.js
[2017-08-15 19:16:01.511] [INFO] default - erquest to /js/ddntj.js
[2017-08-15 19:16:01.881] [INFO] default - erquest to /css/images/ui-bg_highlight-soft_100_eeeeee_1x100.png
[2017-08-15 19:16:01.883] [INFO] default - erquest to /css/images/ui-bg_glass_100_f6f6f6_1x400.png
[2017-08-15 19:16:01.893] [INFO] default - erquest to /css/images/ui-icons_222222_256x240.png
[2017-08-15 19:16:01.976] [INFO] default - connect : 99さん
[2017-08-15 19:25:44.440] [INFO] default - listening on *:3000
[2017-08-15 19:25:46.257] [INFO] default - erquest to /css/images/ui-bg_glass_100_fdf5ce_1x400.png
[2017-08-15 19:25:48.266] [INFO] default - erquest to /
[2017-08-15 19:25:48.268] [DEBUG] default - return top page
[2017-08-15 19:25:48.359] [INFO] default - erquest to /css/jquery-ui.css
[2017-08-15 19:25:48.371] [INFO] default - erquest to /css/ddntj.css
[2017-08-15 19:25:48.375] [INFO] default - erquest to /js/dicebot.js
[2017-08-15 19:25:48.377] [INFO] default - erquest to /js/ddntj.js
[2017-08-15 19:25:48.646] [INFO] default - erquest to /css/images/ui-bg_highlight-soft_100_eeeeee_1x100.png
[2017-08-15 19:25:48.851] [INFO] default - erquest to /css/images/ui-bg_glass_100_f6f6f6_1x400.png
[2017-08-15 19:25:48.861] [INFO] default - erquest to /css/images/ui-icons_222222_256x240.png
[2017-08-15 19:25:48.935] [INFO] default - connect : 58さん
[2017-08-15 19:25:56.773] [INFO] default - erquest to /
[2017-08-15 19:25:56.776] [DEBUG] default - return top page
[2017-08-15 19:25:56.810] [INFO] default - erquest to /css/jquery-ui.css
[2017-08-15 19:25:56.811] [INFO] default - erquest to /css/ddntj.css
[2017-08-15 19:25:56.825] [INFO] default - erquest to /js/dicebot.js
[2017-08-15 19:25:56.826] [INFO] default - erquest to /js/ddntj.js
[2017-08-15 19:25:57.063] [INFO] default - erquest to /css/images/ui-bg_highlight-soft_100_eeeeee_1x100.png
[2017-08-15 19:25:57.276] [INFO] default - erquest to /css/images/ui-bg_glass_100_f6f6f6_1x400.png
[2017-08-15 19:25:57.284] [INFO] default - erquest to /css/images/ui-icons_222222_256x240.png
[2017-08-15 19:25:57.352] [INFO] default - connect : 70さん
[2017-08-15 19:27:28.128] [INFO] default - erquest to /css/images/ui-bg_glass_100_fdf5ce_1x400.png
[2017-08-15 19:30:40.912] [INFO] default - erquest to /
[2017-08-15 19:30:40.915] [DEBUG] default - return top page
[2017-08-15 19:30:41.090] [INFO] default - erquest to /css/jquery-ui.css
[2017-08-15 19:30:41.103] [INFO] default - erquest to /css/ddntj.css
[2017-08-15 19:30:41.105] [INFO] default - erquest to /js/dicebot.js
[2017-08-15 19:30:41.107] [INFO] default - erquest to /js/ddntj.js
[2017-08-15 19:30:41.512] [INFO] default - erquest to /css/images/ui-bg_highlight-soft_100_eeeeee_1x100.png
[2017-08-15 19:30:41.515] [INFO] default - erquest to /css/images/ui-bg_glass_100_f6f6f6_1x400.png
[2017-08-15 19:30:41.525] [INFO] default - erquest to /css/images/ui-icons_222222_256x240.png
[2017-08-15 19:30:41.604] [INFO] default - connect : 39さん
[2017-08-15 19:31:52.184] [INFO] default - listening on *:3000
[2017-08-15 19:31:56.498] [INFO] default - erquest to /
[2017-08-15 19:31:56.504] [DEBUG] default - return top page
[2017-08-15 19:31:56.578] [INFO] default - erquest to /css/jquery-ui.css
[2017-08-15 19:31:56.588] [INFO] default - erquest to /css/ddntj.css
[2017-08-15 19:31:56.599] [INFO] default - erquest to /js/dicebot.js
[2017-08-15 19:31:56.602] [INFO] default - erquest to /js/ddntj.js
[2017-08-15 19:31:56.929] [INFO] default - erquest to /css/images/ui-bg_highlight-soft_100_eeeeee_1x100.png
[2017-08-15 19:31:57.122] [INFO] default - erquest to /css/images/ui-bg_glass_100_f6f6f6_1x400.png
[2017-08-15 19:31:57.136] [INFO] default - erquest to /css/images/ui-icons_222222_256x240.png
[2017-08-15 19:31:57.246] [INFO] default - connect : 99さん
[2017-08-15 19:34:52.045] [INFO] default - erquest to /
[2017-08-15 19:34:52.047] [DEBUG] default - return top page
[2017-08-15 19:34:52.154] [INFO] default - erquest to /css/jquery-ui.css
[2017-08-15 19:34:52.220] [INFO] default - erquest to /css/ddntj.css
[2017-08-15 19:34:52.227] [INFO] default - erquest to /js/dicebot.js
[2017-08-15 19:34:52.230] [INFO] default - erquest to /js/ddntj.js
[2017-08-15 19:34:52.562] [INFO] default - erquest to /css/images/ui-bg_highlight-soft_100_eeeeee_1x100.png
[2017-08-15 19:35:43.659] [INFO] default - connect : 4さん
[2017-08-15 19:35:43.781] [INFO] default - erquest to /css/images/ui-bg_glass_100_f6f6f6_1x400.png
[2017-08-15 19:35:43.795] [INFO] default - erquest to /css/images/ui-icons_222222_256x240.png
[2017-08-15 19:36:11.921] [INFO] default - erquest to /
[2017-08-15 19:36:11.923] [DEBUG] default - return top page
[2017-08-15 19:36:11.949] [INFO] default - erquest to /css/jquery-ui.css
[2017-08-15 19:36:11.954] [INFO] default - erquest to /css/ddntj.css
[2017-08-15 19:36:11.968] [INFO] default - erquest to /js/dicebot.js
[2017-08-15 19:36:11.969] [INFO] default - erquest to /js/ddntj.js
[2017-08-15 19:36:12.178] [INFO] default - erquest to /css/images/ui-bg_highlight-soft_100_eeeeee_1x100.png
[2017-08-15 19:36:12.332] [INFO] default - erquest to /css/images/ui-bg_glass_100_f6f6f6_1x400.png
[2017-08-15 19:36:12.343] [INFO] default - erquest to /css/images/ui-icons_222222_256x240.png
[2017-08-15 19:36:12.401] [INFO] default - connect : 98さん
[2017-08-15 19:36:20.538] [INFO] default - erquest to /css/jquery-ui.css
[2017-08-15 19:36:20.544] [INFO] default - erquest to /css/ddntj.css
[2017-08-15 19:36:28.532] [INFO] default - erquest to /
[2017-08-15 19:36:28.533] [DEBUG] default - return top page
[2017-08-15 19:36:28.575] [INFO] default - erquest to /css/jquery-ui.css
[2017-08-15 19:36:28.581] [INFO] default - erquest to /css/ddntj.css
[2017-08-15 19:36:28.583] [INFO] default - erquest to /js/dicebot.js
[2017-08-15 19:36:28.594] [INFO] default - erquest to /js/ddntj.js
[2017-08-15 19:36:29.036] [INFO] default - erquest to /css/images/ui-bg_highlight-soft_100_eeeeee_1x100.png
[2017-08-15 19:36:59.926] [INFO] default - connect : 78さん
[2017-08-15 19:37:00.019] [INFO] default - erquest to /css/images/ui-bg_glass_100_f6f6f6_1x400.png
[2017-08-15 19:37:00.030] [INFO] default - erquest to /css/images/ui-icons_222222_256x240.png
[2017-08-15 19:37:00.985] [INFO] default - erquest to /
[2017-08-15 19:37:00.989] [DEBUG] default - return top page
[2017-08-15 19:37:01.042] [INFO] default - erquest to /css/jquery-ui.css
[2017-08-15 19:37:01.059] [INFO] default - erquest to /css/ddntj.css
[2017-08-15 19:37:01.073] [INFO] default - erquest to /js/dicebot.js
[2017-08-15 19:37:01.076] [INFO] default - erquest to /js/ddntj.js
[2017-08-15 19:37:01.329] [INFO] default - erquest to /css/images/ui-bg_highlight-soft_100_eeeeee_1x100.png
[2017-08-15 19:37:05.350] [INFO] default - connect : 35さん
[2017-08-15 19:37:05.441] [INFO] default - erquest to /css/images/ui-bg_glass_100_f6f6f6_1x400.png
[2017-08-15 19:37:05.452] [INFO] default - erquest to /css/images/ui-icons_222222_256x240.png
[2017-08-15 19:37:09.546] [INFO] default - erquest to /
[2017-08-15 19:37:09.548] [DEBUG] default - return top page
[2017-08-15 19:37:09.582] [INFO] default - erquest to /css/jquery-ui.css
[2017-08-15 19:37:09.584] [INFO] default - erquest to /css/ddntj.css
[2017-08-15 19:37:09.586] [INFO] default - erquest to /js/dicebot.js
[2017-08-15 19:37:09.589] [INFO] default - erquest to /js/ddntj.js
[2017-08-15 19:37:09.898] [INFO] default - erquest to /css/images/ui-bg_highlight-soft_100_eeeeee_1x100.png
[2017-08-15 19:37:45.686] [INFO] default - erquest to /
[2017-08-15 19:37:45.687] [DEBUG] default - return top page
[2017-08-15 19:37:45.769] [INFO] default - erquest to /css/jquery-ui.css
[2017-08-15 19:37:45.771] [INFO] default - erquest to /css/ddntj.css
[2017-08-15 19:37:45.797] [INFO] default - erquest to /js/dicebot.js
[2017-08-15 19:37:45.800] [INFO] default - erquest to /js/ddntj.js
[2017-08-15 19:37:46.210] [INFO] default - erquest to /css/images/ui-bg_highlight-soft_100_eeeeee_1x100.png
[2017-08-15 19:37:50.806] [INFO] default - connect : 13さん
[2017-08-15 19:37:50.808] [INFO] default - erquest to /css/images/ui-bg_glass_100_f6f6f6_1x400.png
[2017-08-15 19:37:50.814] [INFO] default - erquest to /css/images/ui-icons_222222_256x240.png
[2017-08-15 19:37:54.372] [INFO] default - erquest to /
[2017-08-15 19:37:54.376] [DEBUG] default - return top page
[2017-08-15 19:37:54.420] [INFO] default - erquest to /css/jquery-ui.css
[2017-08-15 19:37:54.423] [INFO] default - erquest to /css/ddntj.css
[2017-08-15 19:37:54.425] [INFO] default - erquest to /js/dicebot.js
[2017-08-15 19:37:54.426] [INFO] default - erquest to /js/ddntj.js
[2017-08-15 19:37:54.811] [INFO] default - erquest to /css/images/ui-bg_highlight-soft_100_eeeeee_1x100.png
[2017-08-15 19:38:37.506] [INFO] default - erquest to /
[2017-08-15 19:38:37.507] [DEBUG] default - return top page
[2017-08-15 19:38:37.592] [INFO] default - erquest to /css/jquery-ui.css
[2017-08-15 19:38:37.632] [INFO] default - erquest to /css/ddntj.css
[2017-08-15 19:38:37.634] [INFO] default - erquest to /js/dicebot.js
[2017-08-15 19:38:37.637] [INFO] default - erquest to /js/ddntj.js
[2017-08-15 19:38:38.168] [INFO] default - erquest to /css/images/ui-bg_highlight-soft_100_eeeeee_1x100.png
[2017-08-15 19:39:36.454] [INFO] default - erquest to /
[2017-08-15 19:39:36.457] [DEBUG] default - return top page
[2017-08-15 19:39:36.531] [INFO] default - erquest to /css/jquery-ui.css
[2017-08-15 19:39:36.544] [INFO] default - erquest to /css/ddntj.css
[2017-08-15 19:39:36.552] [INFO] default - erquest to /js/dicebot.js
[2017-08-15 19:39:36.564] [INFO] default - erquest to /js/ddntj.js
[2017-08-15 19:39:37.041] [INFO] default - erquest to /css/images/ui-bg_highlight-soft_100_eeeeee_1x100.png
[2017-08-15 19:39:57.286] [INFO] default - erquest to /
[2017-08-15 19:39:57.289] [DEBUG] default - return top page
[2017-08-15 19:39:57.320] [INFO] default - erquest to /css/jquery-ui.css
[2017-08-15 19:39:57.363] [INFO] default - erquest to /css/ddntj.css
[2017-08-15 19:39:57.369] [INFO] default - erquest to /js/dicebot.js
[2017-08-15 19:39:57.375] [INFO] default - erquest to /js/ddntj.js
[2017-08-15 19:39:57.950] [INFO] default - erquest to /css/images/ui-bg_highlight-soft_100_eeeeee_1x100.png
[2017-08-15 19:40:58.690] [INFO] default - connect : 23さん
[2017-08-15 19:40:58.695] [INFO] default - erquest to /css/images/ui-bg_glass_100_f6f6f6_1x400.png
[2017-08-15 19:40:58.706] [INFO] default - erquest to /css/images/ui-icons_222222_256x240.png
[2017-08-15 19:42:46.216] [INFO] default - erquest to /
[2017-08-15 19:42:46.220] [DEBUG] default - return top page
[2017-08-15 19:42:46.314] [INFO] default - erquest to /css/jquery-ui.css
[2017-08-15 19:42:46.317] [INFO] default - erquest to /css/ddntj.css
[2017-08-15 19:42:46.323] [INFO] default - erquest to /js/dicebot.js
[2017-08-15 19:42:46.331] [INFO] default - erquest to /js/ddntj.js
[2017-08-15 19:42:46.695] [INFO] default - erquest to /css/images/ui-bg_highlight-soft_100_eeeeee_1x100.png
[2017-08-15 19:42:48.441] [INFO] default - connect : 71さん
[2017-08-15 19:42:48.445] [INFO] default - erquest to /css/images/ui-bg_glass_100_f6f6f6_1x400.png
[2017-08-15 19:42:48.447] [INFO] default - erquest to /css/images/ui-icons_222222_256x240.png
[2017-08-15 19:44:02.532] [INFO] default - erquest to /
[2017-08-15 19:44:02.534] [DEBUG] default - return top page
[2017-08-15 19:44:02.561] [INFO] default - erquest to /css/jquery-ui.css
[2017-08-15 19:44:02.589] [INFO] default - erquest to /css/ddntj.css
[2017-08-15 19:44:02.594] [INFO] default - erquest to /js/dicebot.js
[2017-08-15 19:44:02.598] [INFO] default - erquest to /js/ddntj.js
[2017-08-15 19:44:03.269] [INFO] default - erquest to /css/images/ui-bg_highlight-soft_100_eeeeee_1x100.png
[2017-08-15 19:44:10.716] [INFO] default - connect : 41さん
[2017-08-15 19:44:10.720] [INFO] default - erquest to /css/images/ui-bg_glass_100_f6f6f6_1x400.png
[2017-08-15 19:44:10.730] [INFO] default - erquest to /css/images/ui-icons_222222_256x240.png
[2017-08-15 19:45:25.448] [INFO] default - erquest to /
[2017-08-15 19:45:25.450] [DEBUG] default - return top page
[2017-08-15 19:45:25.522] [INFO] default - erquest to /css/jquery-ui.css
[2017-08-15 19:45:25.524] [INFO] default - erquest to /css/ddntj.css
[2017-08-15 19:45:25.526] [INFO] default - erquest to /js/dicebot.js
[2017-08-15 19:45:25.528] [INFO] default - erquest to /js/ddntj.js
[2017-08-15 19:45:25.949] [INFO] default - erquest to /css/images/ui-bg_highlight-soft_100_eeeeee_1x100.png
[2017-08-15 19:45:38.344] [INFO] default - connect : 69さん
[2017-08-15 19:45:38.353] [INFO] default - erquest to /css/images/ui-bg_glass_100_f6f6f6_1x400.png
[2017-08-15 19:45:38.357] [INFO] default - erquest to /css/images/ui-icons_222222_256x240.png
[2017-08-15 19:49:33.331] [INFO] default - erquest to /
[2017-08-15 19:49:33.348] [DEBUG] default - return top page
[2017-08-15 19:49:33.500] [INFO] default - erquest to /css/jquery-ui.css
[2017-08-15 19:49:33.502] [INFO] default - erquest to /css/ddntj.css
[2017-08-15 19:49:33.504] [INFO] default - erquest to /js/dicebot.js
[2017-08-15 19:49:33.505] [INFO] default - erquest to /js/ddntj.js
[2017-08-15 19:49:33.830] [INFO] default - erquest to /css/images/ui-bg_highlight-soft_100_eeeeee_1x100.png
[2017-08-15 19:50:06.158] [INFO] default - connect : 87さん
[2017-08-15 19:50:06.163] [INFO] default - erquest to /css/images/ui-bg_glass_100_f6f6f6_1x400.png
[2017-08-15 19:50:06.178] [INFO] default - erquest to /css/images/ui-icons_222222_256x240.png
[2017-08-15 19:51:08.427] [INFO] default - erquest to /
[2017-08-15 19:51:08.480] [DEBUG] default - return top page
[2017-08-15 19:51:08.941] [INFO] default - erquest to /css/jquery-ui.css
[2017-08-15 19:51:08.944] [INFO] default - erquest to /css/ddntj.css
[2017-08-15 19:51:08.947] [INFO] default - erquest to /js/dicebot.js
[2017-08-15 19:51:08.948] [INFO] default - erquest to /js/ddntj.js
[2017-08-15 19:51:09.907] [INFO] default - erquest to /css/images/ui-bg_highlight-soft_100_eeeeee_1x100.png
[2017-08-15 19:51:16.465] [INFO] default - erquest to /css/images/ui-bg_glass_100_f6f6f6_1x400.png
[2017-08-15 19:51:16.470] [INFO] default - erquest to /css/images/ui-icons_222222_256x240.png
[2017-08-15 19:51:16.478] [INFO] default - connect : 29さん
[2017-08-15 19:54:19.722] [INFO] default - erquest to /css/images/ui-bg_glass_100_fdf5ce_1x400.png
[2017-08-15 19:54:24.268] [INFO] default - 29さん : hogehoge
[2017-08-15 19:54:26.306] [INFO] default - 29さん : hogehogehogheogheoge
[2017-08-15 19:57:44.644] [INFO] default - listening on *:3000
[2017-08-15 19:57:47.701] [INFO] default - erquest to /
[2017-08-15 19:57:47.707] [DEBUG] default - return top page
[2017-08-15 19:57:47.870] [INFO] default - erquest to /css/jquery-ui.css
[2017-08-15 19:57:47.899] [INFO] default - erquest to /css/ddntj.css
[2017-08-15 19:57:47.901] [INFO] default - erquest to /js/dicebot.js
[2017-08-15 19:57:47.902] [INFO] default - erquest to /js/ddntj.js
[2017-08-15 19:57:48.651] [INFO] default - erquest to /css/images/ui-bg_highlight-soft_100_eeeeee_1x100.png
[2017-08-15 19:58:01.444] [INFO] default - connect : 46さん
[2017-08-15 19:58:01.449] [INFO] default - erquest to /css/images/ui-bg_glass_100_f6f6f6_1x400.png
[2017-08-15 19:58:01.452] [INFO] default - erquest to /css/images/ui-icons_222222_256x240.png
[2017-08-15 19:58:09.848] [INFO] default - erquest to /css/images/ui-bg_glass_100_fdf5ce_1x400.png
[2017-08-15 19:58:10.816] [INFO] default - erquest to /css/images/ui-bg_glass_65_ffffff_1x400.png
[2017-08-15 19:58:10.860] [INFO] default - 46さん : BadLife : ががががが
[2017-08-15 20:06:01.408] [INFO] default - listening on *:3000
[2017-08-15 20:06:06.028] [INFO] default - erquest to /
[2017-08-15 20:06:06.031] [DEBUG] default - return top page
[2017-08-15 20:06:06.180] [INFO] default - erquest to /css/jquery-ui.css
[2017-08-15 20:06:06.184] [INFO] default - erquest to /css/ddntj.css
[2017-08-15 20:06:06.190] [INFO] default - erquest to /js/dicebot.js
[2017-08-15 20:06:06.192] [INFO] default - erquest to /js/ddntj.js
[2017-08-15 20:06:06.556] [INFO] default - erquest to /css/images/ui-bg_highlight-soft_100_eeeeee_1x100.png
[2017-08-15 20:06:06.712] [INFO] default - erquest to /css/images/ui-bg_glass_100_f6f6f6_1x400.png
[2017-08-15 20:06:06.721] [INFO] default - erquest to /css/images/ui-icons_222222_256x240.png
[2017-08-15 20:06:06.839] [INFO] default - connect : 44さん
[2017-08-15 20:06:19.772] [INFO] default - 44さん : undefined : ほげほげ
[2017-08-15 20:09:13.610] [INFO] default - listening on *:3000
[2017-08-15 20:09:15.857] [INFO] default - erquest to /
[2017-08-15 20:09:15.864] [DEBUG] default - return top page
[2017-08-15 20:09:15.896] [INFO] default - erquest to /css/jquery-ui.css
[2017-08-15 20:09:16.021] [INFO] default - erquest to /css/ddntj.css
[2017-08-15 20:09:16.088] [INFO] default - erquest to /js/dicebot.js
[2017-08-15 20:09:16.094] [INFO] default - erquest to /js/ddntj.js
[2017-08-15 20:09:16.602] [INFO] default - erquest to /css/images/ui-bg_highlight-soft_100_eeeeee_1x100.png
[2017-08-15 20:09:16.604] [INFO] default - erquest to /css/images/ui-bg_glass_100_f6f6f6_1x400.png
[2017-08-15 20:09:16.622] [INFO] default - erquest to /css/images/ui-icons_222222_256x240.png
[2017-08-15 20:09:16.710] [INFO] default - connect : 69さん
[2017-08-15 20:09:18.765] [INFO] default - erquest to /css/images/ui-bg_glass_100_fdf5ce_1x400.png
[2017-08-15 20:09:21.420] [INFO] default - 69さん : undefined : ほげほげ
[2017-08-15 20:09:36.382] [INFO] default - listening on *:3000
[2017-08-15 20:09:36.445] [INFO] default - erquest to /
[2017-08-15 20:09:36.450] [DEBUG] default - return top page
[2017-08-15 20:09:36.502] [INFO] default - erquest to /css/jquery-ui.css
[2017-08-15 20:09:36.508] [INFO] default - erquest to /css/ddntj.css
[2017-08-15 20:09:36.595] [INFO] default - erquest to /js/dicebot.js
[2017-08-15 20:09:36.596] [INFO] default - erquest to /js/ddntj.js
[2017-08-15 20:09:36.882] [INFO] default - erquest to /css/images/ui-bg_highlight-soft_100_eeeeee_1x100.png
[2017-08-15 20:09:37.025] [INFO] default - erquest to /css/images/ui-bg_glass_100_f6f6f6_1x400.png
[2017-08-15 20:09:37.039] [INFO] default - erquest to /css/images/ui-icons_222222_256x240.png
[2017-08-15 20:09:37.151] [INFO] default - connect : 55さん
[2017-08-15 20:09:38.750] [INFO] default - erquest to /
[2017-08-15 20:09:38.753] [DEBUG] default - return top page
[2017-08-15 20:09:38.786] [INFO] default - erquest to /css/jquery-ui.css
[2017-08-15 20:09:38.794] [INFO] default - erquest to /css/ddntj.css
[2017-08-15 20:09:38.797] [INFO] default - erquest to /js/dicebot.js
[2017-08-15 20:09:38.799] [INFO] default - erquest to /js/ddntj.js
[2017-08-15 20:09:39.121] [INFO] default - erquest to /css/images/ui-bg_highlight-soft_100_eeeeee_1x100.png
[2017-08-15 20:09:39.275] [INFO] default - erquest to /css/images/ui-bg_glass_100_f6f6f6_1x400.png
[2017-08-15 20:09:39.291] [INFO] default - erquest to /css/images/ui-icons_222222_256x240.png
[2017-08-15 20:09:39.384] [INFO] default - connect : 69さん
[2017-08-15 20:09:43.854] [INFO] default - 69さん : undefined : ほげほげ
[2017-08-15 20:15:56.880] [INFO] default - listening on *:3000
[2017-08-15 20:15:59.186] [INFO] default - erquest to /
[2017-08-15 20:15:59.193] [DEBUG] default - return top page
[2017-08-15 20:15:59.420] [INFO] default - erquest to /css/jquery-ui.css
[2017-08-15 20:15:59.423] [INFO] default - erquest to /css/ddntj.css
[2017-08-15 20:15:59.428] [INFO] default - erquest to /js/dicebot.js
[2017-08-15 20:15:59.471] [INFO] default - erquest to /js/ddntj.js
[2017-08-15 20:15:59.777] [INFO] default - erquest to /css/images/ui-bg_highlight-soft_100_eeeeee_1x100.png
[2017-08-15 20:15:59.968] [INFO] default - erquest to /css/images/ui-bg_glass_100_f6f6f6_1x400.png
[2017-08-15 20:15:59.972] [INFO] default - erquest to /css/images/ui-icons_222222_256x240.png
[2017-08-15 20:16:00.125] [INFO] default - connect : 46さん
[2017-08-15 20:16:06.668] [INFO] default - 46さん : undefined : hoge
[2017-08-15 21:25:32.164] [INFO] default - listening on *:3000
[2017-08-15 21:25:38.042] [INFO] default - 46さん : undefined : 
[2017-08-15 21:44:40.378] [INFO] default - listening on *:3000
[2017-08-15 21:44:44.125] [INFO] default - erquest to /
[2017-08-15 21:44:44.128] [DEBUG] default - return top page
[2017-08-15 21:44:44.154] [INFO] default - erquest to /css/jquery-ui.css
[2017-08-15 21:44:44.156] [INFO] default - erquest to /css/ddntj.css
[2017-08-15 21:44:44.160] [INFO] default - erquest to /js/dicebot.js
[2017-08-15 21:44:44.168] [INFO] default - erquest to /js/ddntj.js
[2017-08-15 21:44:44.515] [INFO] default - erquest to /css/images/ui-bg_highlight-soft_100_eeeeee_1x100.png
[2017-08-15 21:44:44.584] [INFO] default - erquest to /css/images/ui-bg_glass_100_f6f6f6_1x400.png
[2017-08-15 21:44:44.594] [INFO] default - erquest to /css/images/ui-icons_222222_256x240.png
[2017-08-15 21:44:44.645] [INFO] default - connect : 32さん
[2017-08-15 21:44:50.616] [INFO] default - 32さん : undefined : hogehoge
[2017-08-15 21:44:50.618] [DEBUG] default - requrl : http://www2.taruki.com/bcdice-api/v1/diceroll?system=undefined&command=hogehoge
[2017-08-15 21:47:02.817] [INFO] default - listening on *:3000
[2017-08-15 21:47:17.820] [INFO] default - erquest to /css/jquery-ui.css
[2017-08-15 21:47:17.824] [INFO] default - erquest to /css/ddntj.css
[2017-08-15 21:47:40.552] [INFO] default - erquest to /
[2017-08-15 21:47:40.555] [DEBUG] default - return top page
[2017-08-15 21:47:40.698] [INFO] default - erquest to /css/jquery-ui.css
[2017-08-15 21:47:40.700] [INFO] default - erquest to /css/ddntj.css
[2017-08-15 21:47:40.703] [INFO] default - erquest to /js/dicebot.js
[2017-08-15 21:47:40.705] [INFO] default - erquest to /js/ddntj.js
[2017-08-15 21:47:41.033] [INFO] default - erquest to /css/images/ui-bg_highlight-soft_100_eeeeee_1x100.png
[2017-08-15 21:47:41.168] [INFO] default - erquest to /css/images/ui-bg_glass_100_f6f6f6_1x400.png
[2017-08-15 21:47:41.182] [INFO] default - erquest to /css/images/ui-icons_222222_256x240.png
[2017-08-15 21:47:41.270] [INFO] default - connect : 8さん
[2017-08-15 21:48:07.990] [INFO] default - erquest to /css/images/ui-bg_glass_100_fdf5ce_1x400.png
[2017-08-15 21:48:08.199] [INFO] default - erquest to /css/images/ui-bg_glass_65_ffffff_1x400.png
[2017-08-15 21:49:01.410] [INFO] default - 8さん : Alshard : 2d6
[2017-08-15 21:49:01.411] [DEBUG] default - requrl : http://www2.taruki.com/bcdice-api/v1/diceroll?system=Alshard&command=2d6
[2017-08-15 21:50:35.751] [INFO] default - listening on *:3000
[2017-08-15 21:50:37.752] [INFO] default - erquest to /
[2017-08-15 21:50:37.757] [DEBUG] default - return top page
[2017-08-15 21:50:37.949] [INFO] default - erquest to /css/jquery-ui.css
[2017-08-15 21:50:37.952] [INFO] default - erquest to /css/ddntj.css
[2017-08-15 21:50:37.954] [INFO] default - erquest to /js/dicebot.js
[2017-08-15 21:50:37.955] [INFO] default - erquest to /js/ddntj.js
[2017-08-15 21:50:38.284] [INFO] default - erquest to /css/images/ui-bg_highlight-soft_100_eeeeee_1x100.png
[2017-08-15 21:50:38.473] [INFO] default - erquest to /css/images/ui-bg_glass_100_f6f6f6_1x400.png
[2017-08-15 21:50:38.490] [INFO] default - erquest to /css/images/ui-icons_222222_256x240.png
[2017-08-15 21:50:38.607] [INFO] default - connect : 31さん
[2017-08-15 21:50:45.364] [INFO] default - 31さん : undefined : 2d6
[2017-08-15 21:50:45.376] [DEBUG] default - requrl : http://www2.taruki.com/bcdice-api/v1/diceroll?system=undefined&command=2d6
[2017-08-15 21:50:45.542] [DEBUG] default - { ok: false, reason: 'unsupported dicebot' }
[2017-08-15 21:51:04.162] [INFO] default - erquest to /css/images/ui-bg_glass_100_fdf5ce_1x400.png
[2017-08-15 21:51:06.347] [INFO] default - erquest to /css/images/ui-bg_glass_65_ffffff_1x400.png
[2017-08-15 21:51:11.209] [INFO] default - 31さん : Alshard : 2d6
[2017-08-15 21:51:11.210] [DEBUG] default - requrl : http://www2.taruki.com/bcdice-api/v1/diceroll?system=Alshard&command=2d6
[2017-08-15 21:51:11.356] [DEBUG] default - { ok: true,
  result: ': (2D6) ＞ 8[3,5] ＞ 8',
  secret: false,
  dices: [ { faces: 6, value: 5 }, { faces: 6, value: 3 } ] }
[2017-08-15 21:52:47.719] [INFO] default - listening on *:3000
[2017-08-15 21:52:52.702] [INFO] default - erquest to /
[2017-08-15 21:52:52.710] [DEBUG] default - return top page
[2017-08-15 21:52:52.743] [INFO] default - erquest to /css/jquery-ui.css
[2017-08-15 21:52:52.861] [INFO] default - erquest to /css/ddntj.css
[2017-08-15 21:52:52.872] [INFO] default - erquest to /js/dicebot.js
[2017-08-15 21:52:52.882] [INFO] default - erquest to /js/ddntj.js
[2017-08-15 21:52:53.240] [INFO] default - erquest to /css/images/ui-bg_highlight-soft_100_eeeeee_1x100.png
[2017-08-15 21:52:53.440] [INFO] default - erquest to /css/images/ui-bg_glass_100_f6f6f6_1x400.png
[2017-08-15 21:52:53.453] [INFO] default - erquest to /css/images/ui-icons_222222_256x240.png
[2017-08-15 21:52:53.548] [INFO] default - connect : 53さん
[2017-08-15 21:56:57.608] [INFO] default - erquest to /
[2017-08-15 21:56:57.609] [DEBUG] default - return top page
[2017-08-15 21:56:57.781] [INFO] default - erquest to /css/jquery-ui.css
[2017-08-15 21:56:57.796] [INFO] default - erquest to /css/ddntj.css
[2017-08-15 21:56:57.798] [INFO] default - erquest to /js/dicebot.js
[2017-08-15 21:56:57.800] [INFO] default - erquest to /js/ddntj.js
[2017-08-15 21:56:58.145] [INFO] default - erquest to /css/images/ui-bg_highlight-soft_100_eeeeee_1x100.png
[2017-08-15 21:56:58.330] [INFO] default - erquest to /css/images/ui-bg_glass_100_f6f6f6_1x400.png
[2017-08-15 21:56:58.348] [INFO] default - erquest to /css/images/ui-icons_222222_256x240.png
[2017-08-15 21:56:58.448] [INFO] default - connect : 88さん
[2017-08-15 21:57:54.002] [INFO] default - 88さん : undefined : 2d6
[2017-08-15 21:57:54.003] [DEBUG] default - requrl : http://www2.taruki.com/bcdice-api/v1/diceroll?system=undefined&command=2d6
[2017-08-15 21:57:54.245] [DEBUG] default - { ok: false, reason: 'unsupported dicebot' }
[2017-08-15 21:58:02.385] [INFO] default - 88さん : undefined : 2d6
[2017-08-15 21:58:02.386] [DEBUG] default - requrl : http://www2.taruki.com/bcdice-api/v1/diceroll?system=undefined&command=2d6
[2017-08-15 21:58:03.555] [DEBUG] default - { ok: false, reason: 'unsupported dicebot' }
[2017-08-15 21:58:20.857] [INFO] default - 88さん : undefined : 2d6
[2017-08-15 21:58:20.858] [DEBUG] default - requrl : http://www2.taruki.com/bcdice-api/v1/diceroll?system=undefined&command=2d6
[2017-08-15 21:58:20.984] [DEBUG] default - { ok: false, reason: 'unsupported dicebot' }
[2017-08-15 22:00:10.643] [INFO] default - 88さん : undefined : 2d6
[2017-08-15 22:00:10.682] [DEBUG] default - requrl : http://www2.taruki.com/bcdice-api/v1/diceroll?system=undefined&command=2d6
[2017-08-15 22:00:10.698] [INFO] default - erquest to /
[2017-08-15 22:00:10.699] [DEBUG] default - return top page
[2017-08-15 22:00:10.722] [INFO] default - erquest to /css/jquery-ui.css
[2017-08-15 22:00:10.873] [INFO] default - erquest to /css/ddntj.css
[2017-08-15 22:00:10.886] [INFO] default - erquest to /js/dicebot.js
[2017-08-15 22:00:10.910] [INFO] default - erquest to /js/ddntj.js
[2017-08-15 22:00:10.954] [DEBUG] default - { ok: false, reason: 'unsupported dicebot' }
[2017-08-15 22:00:11.243] [INFO] default - erquest to /css/images/ui-bg_highlight-soft_100_eeeeee_1x100.png
[2017-08-15 22:00:11.428] [INFO] default - erquest to /css/images/ui-bg_glass_100_f6f6f6_1x400.png
[2017-08-15 22:00:11.441] [INFO] default - erquest to /css/images/ui-icons_222222_256x240.png
[2017-08-15 22:00:11.533] [INFO] default - connect : 8さん
[2017-08-15 22:00:18.590] [INFO] default - erquest to /css/images/ui-bg_glass_100_fdf5ce_1x400.png
[2017-08-15 22:00:18.915] [INFO] default - erquest to /css/images/ui-bg_glass_65_ffffff_1x400.png
[2017-08-15 22:00:25.949] [INFO] default - 8さん : Alshard : hogehoge
[2017-08-15 22:00:25.950] [DEBUG] default - requrl : http://www2.taruki.com/bcdice-api/v1/diceroll?system=Alshard&command=hogehoge
[2017-08-15 22:00:26.099] [DEBUG] default - { ok: false, reason: 'unsupported command' }
[2017-08-15 22:00:38.387] [INFO] default - 8さん : Alshard : 2d6
[2017-08-15 22:00:38.387] [DEBUG] default - requrl : http://www2.taruki.com/bcdice-api/v1/diceroll?system=Alshard&command=2d6
[2017-08-15 22:00:38.529] [DEBUG] default - { ok: true,
  result: ': (2D6) ＞ 7[1,6] ＞ 7',
  secret: false,
  dices: [ { faces: 6, value: 6 }, { faces: 6, value: 1 } ] }
[2017-08-15 22:01:53.826] [INFO] default - listening on *:3000
[2017-08-15 22:01:56.311] [INFO] default - erquest to /
[2017-08-15 22:01:56.316] [DEBUG] default - return top page
[2017-08-15 22:01:56.432] [INFO] default - erquest to /css/jquery-ui.css
[2017-08-15 22:01:56.436] [INFO] default - erquest to /css/ddntj.css
[2017-08-15 22:01:56.447] [INFO] default - erquest to /js/dicebot.js
[2017-08-15 22:01:56.466] [INFO] default - erquest to /js/ddntj.js
[2017-08-15 22:01:56.812] [INFO] default - erquest to /css/images/ui-bg_highlight-soft_100_eeeeee_1x100.png
[2017-08-15 22:01:56.997] [INFO] default - erquest to /css/images/ui-bg_glass_100_f6f6f6_1x400.png
[2017-08-15 22:01:57.010] [INFO] default - erquest to /css/images/ui-icons_222222_256x240.png
[2017-08-15 22:01:57.117] [INFO] default - connect : 97さん
[2017-08-15 22:02:06.274] [INFO] default - 97さん : Arianrhod : 2d6
[2017-08-15 22:02:06.275] [DEBUG] default - requrl : http://www2.taruki.com/bcdice-api/v1/diceroll?system=Arianrhod&command=2d6
[2017-08-15 22:02:06.411] [DEBUG] default - { ok: true,
  result: ': (2D6) ＞ 9[4,5] ＞ 9',
  secret: false,
  dices: [ { faces: 6, value: 4 }, { faces: 6, value: 5 } ] }
[2017-08-15 22:04:34.394] [INFO] default - erquest to /
[2017-08-15 22:04:34.396] [DEBUG] default - return top page
[2017-08-15 22:04:34.559] [INFO] default - erquest to /css/jquery-ui.css
[2017-08-15 22:04:34.563] [INFO] default - erquest to /css/ddntj.css
[2017-08-15 22:04:34.566] [INFO] default - erquest to /js/dicebot.js
[2017-08-15 22:04:34.567] [INFO] default - erquest to /js/ddntj.js
[2017-08-15 22:04:34.884] [INFO] default - erquest to /css/images/ui-bg_highlight-soft_100_eeeeee_1x100.png
[2017-08-15 22:04:35.216] [INFO] default - erquest to /css/images/ui-bg_glass_100_f6f6f6_1x400.png
[2017-08-15 22:04:35.229] [INFO] default - erquest to /css/images/ui-icons_222222_256x240.png
[2017-08-15 22:04:35.362] [INFO] default - connect : 6さん
[2017-08-15 22:04:47.154] [INFO] default - 6さん : Airgetlamh : 2d6
[2017-08-15 22:04:47.155] [DEBUG] default - requrl : http://www2.taruki.com/bcdice-api/v1/diceroll?system=Airgetlamh&command=2d6
[2017-08-15 22:04:47.300] [DEBUG] default - { ok: true,
  result: ': (2D6) ＞ 10[4,6] ＞ 10',
  secret: false,
  dices: [ { faces: 6, value: 4 }, { faces: 6, value: 6 } ] }
[2017-08-15 22:06:19.285] [INFO] default - listening on *:3000
[2017-08-15 22:06:21.420] [INFO] default - erquest to /
[2017-08-15 22:06:21.424] [DEBUG] default - return top page
[2017-08-15 22:06:21.597] [INFO] default - erquest to /css/jquery-ui.css
[2017-08-15 22:06:21.618] [INFO] default - erquest to /css/ddntj.css
[2017-08-15 22:06:21.621] [INFO] default - erquest to /js/dicebot.js
[2017-08-15 22:06:21.634] [INFO] default - erquest to /js/ddntj.js
[2017-08-15 22:06:22.051] [INFO] default - erquest to /css/images/ui-bg_highlight-soft_100_eeeeee_1x100.png
[2017-08-15 22:06:22.375] [INFO] default - erquest to /css/images/ui-bg_glass_100_f6f6f6_1x400.png
[2017-08-15 22:06:22.389] [INFO] default - erquest to /css/images/ui-icons_222222_256x240.png
[2017-08-15 22:06:22.489] [INFO] default - connect : 30さん
[2017-08-15 22:08:03.426] [INFO] default - listening on *:3000
[2017-08-15 22:08:05.517] [INFO] default - erquest to /
[2017-08-15 22:08:05.523] [DEBUG] default - return top page
[2017-08-15 22:08:05.659] [INFO] default - erquest to /css/jquery-ui.css
[2017-08-15 22:08:05.661] [INFO] default - erquest to /css/ddntj.css
[2017-08-15 22:08:05.666] [INFO] default - erquest to /js/dicebot.js
[2017-08-15 22:08:05.672] [INFO] default - erquest to /js/ddntj.js
[2017-08-15 22:08:06.025] [INFO] default - erquest to /css/images/ui-bg_highlight-soft_100_eeeeee_1x100.png
[2017-08-15 22:08:06.217] [INFO] default - erquest to /css/images/ui-bg_glass_100_f6f6f6_1x400.png
[2017-08-15 22:08:06.233] [INFO] default - erquest to /css/images/ui-icons_222222_256x240.png
[2017-08-15 22:08:06.314] [INFO] default - connect : 29さん
[2017-08-15 22:08:15.353] [INFO] default - 29さん : Alshard : 2d6
[2017-08-15 22:08:15.354] [DEBUG] default - requrl : http://www2.taruki.com/bcdice-api/v1/diceroll?system=Alshard&command=2d6
[2017-08-15 22:08:15.560] [DEBUG] default - { ok: true,
  result: ': (2D6) ＞ 11[5,6] ＞ 11',
  secret: false,
  dices: [ { faces: 6, value: 5 }, { faces: 6, value: 6 } ] }
[2017-08-15 22:08:15.566] [DEBUG] default - { ok: true,
  result: ': (2D6) ＞ 11[5,6] ＞ 11',
  secret: false,
  dices: [ { faces: 6, value: 5 }, { faces: 6, value: 6 } ] }
[2017-08-15 22:10:26.032] [INFO] default - listening on *:3000
[2017-08-15 22:10:26.641] [INFO] default - erquest to /css/images/ui-bg_glass_100_fdf5ce_1x400.png
[2017-08-15 22:10:27.727] [INFO] default - erquest to /
[2017-08-15 22:10:27.730] [DEBUG] default - return top page
[2017-08-15 22:10:27.900] [INFO] default - erquest to /css/jquery-ui.css
[2017-08-15 22:10:27.902] [INFO] default - erquest to /css/ddntj.css
[2017-08-15 22:10:27.904] [INFO] default - erquest to /js/dicebot.js
[2017-08-15 22:10:27.907] [INFO] default - erquest to /js/ddntj.js
[2017-08-15 22:10:28.222] [INFO] default - erquest to /css/images/ui-bg_highlight-soft_100_eeeeee_1x100.png
[2017-08-15 22:10:28.419] [INFO] default - erquest to /css/images/ui-bg_glass_100_f6f6f6_1x400.png
[2017-08-15 22:10:28.438] [INFO] default - erquest to /css/images/ui-icons_222222_256x240.png
[2017-08-15 22:10:28.540] [INFO] default - connect : 57さん
[2017-08-15 22:11:01.734] [INFO] default - 57さん : Amadeus : 2d6
[2017-08-15 22:11:01.735] [DEBUG] default - requrl : http://www2.taruki.com/bcdice-api/v1/diceroll?system=Amadeus&command=2d6
[2017-08-15 22:11:01.746] [DEBUG] default - undefined
[2017-08-15 22:11:01.890] [DEBUG] default - { ok: true,
  result: ': (2D6) ＞ 5[1,4] ＞ 5',
  secret: false,
  dices: [ { faces: 6, value: 1 }, { faces: 6, value: 4 } ] }
[2017-08-15 22:11:01.894] [DEBUG] default - { ok: true,
  result: ': (2D6) ＞ 5[1,4] ＞ 5',
  secret: false,
  dices: [ { faces: 6, value: 1 }, { faces: 6, value: 4 } ] }
[2017-08-15 22:11:50.951] [INFO] default - erquest to /
[2017-08-15 22:11:50.953] [DEBUG] default - return top page
[2017-08-15 22:11:50.990] [INFO] default - erquest to /css/jquery-ui.css
[2017-08-15 22:11:50.992] [INFO] default - erquest to /css/ddntj.css
[2017-08-15 22:11:50.994] [INFO] default - erquest to /js/dicebot.js
[2017-08-15 22:11:50.996] [INFO] default - erquest to /js/ddntj.js
[2017-08-15 22:11:51.455] [INFO] default - erquest to /css/images/ui-bg_highlight-soft_100_eeeeee_1x100.png
[2017-08-15 22:11:51.711] [INFO] default - erquest to /css/images/ui-bg_glass_100_f6f6f6_1x400.png
[2017-08-15 22:11:51.724] [INFO] default - erquest to /css/images/ui-icons_222222_256x240.png
[2017-08-15 22:11:51.813] [INFO] default - connect : 61さん
[2017-08-15 22:13:11.872] [INFO] default - erquest to /css/images/ui-bg_glass_100_fdf5ce_1x400.png
[2017-08-15 22:13:27.057] [INFO] default - 61さん : Airgetlamh : aaaaaaa
[2017-08-15 22:13:27.061] [DEBUG] default - requrl : http://www2.taruki.com/bcdice-api/v1/diceroll?system=Airgetlamh&command=aaaaaaa
[2017-08-15 22:13:27.064] [DEBUG] default - undefined
[2017-08-15 22:13:27.259] [DEBUG] default - { ok: false, reason: 'unsupported command' }
[2017-08-15 22:13:27.261] [DEBUG] default - { ok: false, reason: 'unsupported command' }
[2017-08-15 22:14:37.129] [INFO] default - listening on *:3000
[2017-08-15 22:14:40.152] [INFO] default - erquest to /
[2017-08-15 22:14:40.161] [DEBUG] default - return top page
[2017-08-15 22:14:40.336] [INFO] default - erquest to /css/jquery-ui.css
[2017-08-15 22:14:40.338] [INFO] default - erquest to /css/ddntj.css
[2017-08-15 22:14:40.347] [INFO] default - erquest to /js/dicebot.js
[2017-08-15 22:14:40.349] [INFO] default - erquest to /js/ddntj.js
[2017-08-15 22:14:40.715] [INFO] default - erquest to /css/images/ui-bg_highlight-soft_100_eeeeee_1x100.png
[2017-08-15 22:14:41.012] [INFO] default - erquest to /css/images/ui-bg_glass_100_f6f6f6_1x400.png
[2017-08-15 22:14:41.030] [INFO] default - erquest to /css/images/ui-icons_222222_256x240.png
[2017-08-15 22:14:41.134] [INFO] default - connect : 68さん
[2017-08-15 22:14:53.216] [INFO] default - 68さん : Alshard : 2d6
[2017-08-15 22:14:53.217] [DEBUG] default - requrl : http://www2.taruki.com/bcdice-api/v1/diceroll?system=Alshard&command=2d6
[2017-08-15 22:14:53.375] [DEBUG] default - { ok: true,
  result: ': (2D6) ＞ 6[1,5] ＞ 6',
  secret: false,
  dices: [ { faces: 6, value: 5 }, { faces: 6, value: 1 } ] }
[2017-08-15 22:14:53.381] [DEBUG] default - { ok: true,
  result: ': (2D6) ＞ 6[1,5] ＞ 6',
  secret: false,
  dices: [ { faces: 6, value: 5 }, { faces: 6, value: 1 } ] }
[2017-08-15 22:14:53.383] [DEBUG] default - : (2D6) ＞ 6[1,5] ＞ 6
[2017-08-15 22:16:57.232] [INFO] default - 68さん : Alshard : hogehoge
[2017-08-15 22:16:57.234] [DEBUG] default - requrl : http://www2.taruki.com/bcdice-api/v1/diceroll?system=Alshard&command=hogehoge
[2017-08-15 22:16:57.369] [DEBUG] default - { ok: false, reason: 'unsupported command' }
[2017-08-15 22:16:57.371] [DEBUG] default - { ok: false, reason: 'unsupported command' }
[2017-08-15 22:16:57.372] [DEBUG] default - undefined
[2017-08-15 22:18:30.123] [INFO] default - listening on *:3000
[2017-08-15 22:18:32.079] [INFO] default - erquest to /
[2017-08-15 22:18:32.088] [DEBUG] default - return top page
[2017-08-15 22:18:32.213] [INFO] default - erquest to /css/jquery-ui.css
[2017-08-15 22:18:32.216] [INFO] default - erquest to /css/ddntj.css
[2017-08-15 22:18:32.222] [INFO] default - erquest to /js/dicebot.js
[2017-08-15 22:18:32.234] [INFO] default - erquest to /js/ddntj.js
[2017-08-15 22:18:32.599] [INFO] default - erquest to /css/images/ui-bg_highlight-soft_100_eeeeee_1x100.png
[2017-08-15 22:18:32.858] [INFO] default - erquest to /css/images/ui-bg_glass_100_f6f6f6_1x400.png
[2017-08-15 22:18:32.871] [INFO] default - erquest to /css/images/ui-icons_222222_256x240.png
[2017-08-15 22:18:32.984] [INFO] default - connect : 34さん
[2017-08-15 22:18:59.905] [INFO] default - 34さん : Peekaboo : 2d6
[2017-08-15 22:18:59.906] [DEBUG] default - requrl : http://www2.taruki.com/bcdice-api/v1/diceroll?system=Peekaboo&command=2d6
[2017-08-15 22:19:00.056] [DEBUG] default - { ok: true,
  result: ': (2D6) ＞ 7[1,6] ＞ 7',
  secret: false,
  dices: [ { faces: 6, value: 6 }, { faces: 6, value: 1 } ] }
[2017-08-15 22:19:00.061] [DEBUG] default - { ok: true,
  result: ': (2D6) ＞ 7[1,6] ＞ 7',
  secret: false,
  dices: [ { faces: 6, value: 6 }, { faces: 6, value: 1 } ] }
[2017-08-15 22:19:00.062] [DEBUG] default - : (2D6) ＞ 7[1,6] ＞ 7
[2017-08-15 22:19:08.152] [INFO] default - 34さん : Peekaboo : hogehoge
[2017-08-15 22:19:08.153] [DEBUG] default - requrl : http://www2.taruki.com/bcdice-api/v1/diceroll?system=Peekaboo&command=hogehoge
[2017-08-15 22:19:08.284] [DEBUG] default - { ok: false, reason: 'unsupported command' }
[2017-08-15 22:19:08.285] [DEBUG] default - { ok: false, reason: 'unsupported command' }
[2017-08-15 22:19:08.287] [DEBUG] default - hogehoge
[2017-08-15 22:19:42.743] [INFO] default - 34さん : Peekaboo : 普通のチャットはこんなかんじ
[2017-08-15 22:19:42.745] [DEBUG] default - requrl : http://www2.taruki.com/bcdice-api/v1/diceroll?system=Peekaboo&command=%E6%99%AE%E9%80%9A%E3%81%AE%E3%83%81%E3%83%A3%E3%83%83%E3%83%88%E3%81%AF%E3%81%93%E3%82%93%E3%81%AA%E3%81%8B%E3%82%93%E3%81%98
[2017-08-15 22:19:42.881] [DEBUG] default - { ok: false, reason: 'unsupported command' }
[2017-08-15 22:19:42.884] [DEBUG] default - { ok: false, reason: 'unsupported command' }
[2017-08-15 22:19:42.886] [DEBUG] default - 普通のチャットはこんなかんじ
[2017-08-15 22:20:07.063] [INFO] default - 34さん : Peekaboo : 10d10
[2017-08-15 22:20:07.064] [DEBUG] default - requrl : http://www2.taruki.com/bcdice-api/v1/diceroll?system=Peekaboo&command=10d10
[2017-08-15 22:20:07.203] [DEBUG] default - { ok: true,
  result: ': (10D10) ＞ 59[2,3,3,4,5,6,8,8,10,10] ＞ 59',
  secret: false,
  dices: 
   [ { faces: 10, value: 8 },
     { faces: 10, value: 6 },
     { faces: 10, value: 4 },
     { faces: 10, value: 3 },
     { faces: 10, value: 10 },
     { faces: 10, value: 10 },
     { faces: 10, value: 3 },
     { faces: 10, value: 8 },
     { faces: 10, value: 5 },
     { faces: 10, value: 2 } ] }
[2017-08-15 22:20:07.214] [DEBUG] default - { ok: true,
  result: ': (10D10) ＞ 59[2,3,3,4,5,6,8,8,10,10] ＞ 59',
  secret: false,
  dices: 
   [ { faces: 10, value: 8 },
     { faces: 10, value: 6 },
     { faces: 10, value: 4 },
     { faces: 10, value: 3 },
     { faces: 10, value: 10 },
     { faces: 10, value: 10 },
     { faces: 10, value: 3 },
     { faces: 10, value: 8 },
     { faces: 10, value: 5 },
     { faces: 10, value: 2 } ] }
[2017-08-15 22:20:07.225] [DEBUG] default - : (10D10) ＞ 59[2,3,3,4,5,6,8,8,10,10] ＞ 59
